This file contains any messages produced by compilers while
running configure, to aid debugging if configure makes a mistake.

It was created by Vikingcoin Core configure 0.9.2, which was
generated by GNU Autoconf 2.69.  Invocation command line was

  $ ./configure --with-incompatible-bdb --no-create --no-recursion

## --------- ##
## Platform. ##
## --------- ##

hostname = eloi-btc
uname -m = x86_64
uname -r = 3.2.0-4-amd64
uname -s = Linux
uname -v = #1 SMP Debian 3.2.60-1+deb7u1

/usr/bin/uname -p = unknown
/bin/uname -X     = unknown

/bin/arch              = unknown
/usr/bin/arch -k       = unknown
/usr/convex/getsysinfo = unknown
/usr/bin/hostinfo      = unknown
/bin/machine           = unknown
/usr/bin/oslevel       = unknown
/bin/universe          = unknown

PATH: /usr/local/sbin
PATH: /usr/local/bin
PATH: /usr/sbin
PATH: /usr/bin
PATH: /sbin
PATH: /bin


## ----------- ##
## Core tests. ##
## ----------- ##

configure:2727: checking build system type
configure:2741: result: x86_64-unknown-linux-gnu
configure:2761: checking host system type
configure:2774: result: x86_64-unknown-linux-gnu
configure:2915: checking for a BSD-compatible install
configure:2983: result: /usr/bin/install -c
configure:2994: checking whether build environment is sane
configure:3044: result: yes
configure:3185: checking for a thread-safe mkdir -p
configure:3224: result: /bin/mkdir -p
configure:3237: checking for gawk
configure:3267: result: no
configure:3237: checking for mawk
configure:3253: found /usr/bin/mawk
configure:3264: result: mawk
configure:3275: checking whether make sets $(MAKE)
configure:3297: result: yes
configure:3370: checking whether to enable maintainer-specific portions of Makefiles
configure:3379: result: yes
configure:3404: checking whether make supports nested variables
configure:3421: result: yes
configure:3595: checking for g++
configure:3611: found /usr/bin/g++
configure:3622: result: g++
configure:3649: checking for C++ compiler version
configure:3658: g++ --version >&5
g++ (Debian 4.7.2-5) 4.7.2
Copyright (C) 2012 Free Software Foundation, Inc.
This is free software; see the source for copying conditions.  There is NO
warranty; not even for MERCHANTABILITY or FITNESS FOR A PARTICULAR PURPOSE.

configure:3669: $? = 0
configure:3658: g++ -v >&5
Using built-in specs.
COLLECT_GCC=g++
COLLECT_LTO_WRAPPER=/usr/lib/gcc/x86_64-linux-gnu/4.7/lto-wrapper
Target: x86_64-linux-gnu
Configured with: ../src/configure -v --with-pkgversion='Debian 4.7.2-5' --with-bugurl=file:///usr/share/doc/gcc-4.7/README.Bugs --enable-languages=c,c++,go,fortran,objc,obj-c++ --prefix=/usr --program-suffix=-4.7 --enable-shared --enable-linker-build-id --with-system-zlib --libexecdir=/usr/lib --without-included-gettext --enable-threads=posix --with-gxx-include-dir=/usr/include/c++/4.7 --libdir=/usr/lib --enable-nls --with-sysroot=/ --enable-clocale=gnu --enable-libstdcxx-debug --enable-libstdcxx-time=yes --enable-gnu-unique-object --enable-plugin --enable-objc-gc --with-arch-32=i586 --with-tune=generic --enable-checking=release --build=x86_64-linux-gnu --host=x86_64-linux-gnu --target=x86_64-linux-gnu
Thread model: posix
gcc version 4.7.2 (Debian 4.7.2-5) 
configure:3669: $? = 0
configure:3658: g++ -V >&5
g++: error: unrecognized command line option '-V'
g++: fatal error: no input files
compilation terminated.
configure:3669: $? = 4
configure:3658: g++ -qversion >&5
g++: error: unrecognized command line option '-qversion'
g++: fatal error: no input files
compilation terminated.
configure:3669: $? = 4
configure:3689: checking whether the C++ compiler works
configure:3711: g++    conftest.cpp  >&5
configure:3715: $? = 0
configure:3763: result: yes
configure:3766: checking for C++ compiler default output file name
configure:3768: result: a.out
configure:3774: checking for suffix of executables
configure:3781: g++ -o conftest    conftest.cpp  >&5
configure:3785: $? = 0
configure:3807: result: 
configure:3829: checking whether we are cross compiling
configure:3837: g++ -o conftest    conftest.cpp  >&5
configure:3841: $? = 0
configure:3848: ./conftest
configure:3852: $? = 0
configure:3867: result: no
configure:3872: checking for suffix of object files
configure:3894: g++ -c   conftest.cpp >&5
configure:3898: $? = 0
configure:3919: result: o
configure:3923: checking whether we are using the GNU C++ compiler
configure:3942: g++ -c   conftest.cpp >&5
configure:3942: $? = 0
configure:3951: result: yes
configure:3960: checking whether g++ accepts -g
configure:3980: g++ -c -g  conftest.cpp >&5
configure:3980: $? = 0
configure:4021: result: yes
configure:4055: checking for style of include used by make
configure:4083: result: GNU
configure:4109: checking dependency style of g++
configure:4220: result: gcc3
configure:4283: checking for gcc
configure:4299: found /usr/bin/gcc
configure:4310: result: gcc
configure:4539: checking for C compiler version
configure:4548: gcc --version >&5
gcc (Debian 4.7.2-5) 4.7.2
Copyright (C) 2012 Free Software Foundation, Inc.
This is free software; see the source for copying conditions.  There is NO
warranty; not even for MERCHANTABILITY or FITNESS FOR A PARTICULAR PURPOSE.

configure:4559: $? = 0
configure:4548: gcc -v >&5
Using built-in specs.
COLLECT_GCC=gcc
COLLECT_LTO_WRAPPER=/usr/lib/gcc/x86_64-linux-gnu/4.7/lto-wrapper
Target: x86_64-linux-gnu
Configured with: ../src/configure -v --with-pkgversion='Debian 4.7.2-5' --with-bugurl=file:///usr/share/doc/gcc-4.7/README.Bugs --enable-languages=c,c++,go,fortran,objc,obj-c++ --prefix=/usr --program-suffix=-4.7 --enable-shared --enable-linker-build-id --with-system-zlib --libexecdir=/usr/lib --without-included-gettext --enable-threads=posix --with-gxx-include-dir=/usr/include/c++/4.7 --libdir=/usr/lib --enable-nls --with-sysroot=/ --enable-clocale=gnu --enable-libstdcxx-debug --enable-libstdcxx-time=yes --enable-gnu-unique-object --enable-plugin --enable-objc-gc --with-arch-32=i586 --with-tune=generic --enable-checking=release --build=x86_64-linux-gnu --host=x86_64-linux-gnu --target=x86_64-linux-gnu
Thread model: posix
gcc version 4.7.2 (Debian 4.7.2-5) 
configure:4559: $? = 0
configure:4548: gcc -V >&5
gcc: error: unrecognized command line option '-V'
gcc: fatal error: no input files
compilation terminated.
configure:4559: $? = 4
configure:4548: gcc -qversion >&5
gcc: error: unrecognized command line option '-qversion'
gcc: fatal error: no input files
compilation terminated.
configure:4559: $? = 4
configure:4563: checking whether we are using the GNU C compiler
configure:4582: gcc -c   conftest.c >&5
configure:4582: $? = 0
configure:4591: result: yes
configure:4600: checking whether gcc accepts -g
configure:4620: gcc -c -g  conftest.c >&5
configure:4620: $? = 0
configure:4661: result: yes
configure:4678: checking for gcc option to accept ISO C89
configure:4741: gcc  -c -g -O2  conftest.c >&5
configure:4741: $? = 0
configure:4754: result: none needed
configure:4776: checking dependency style of gcc
configure:4887: result: gcc3
configure:4907: checking how to run the C preprocessor
configure:4938: gcc -E  conftest.c
configure:4938: $? = 0
configure:4952: gcc -E  conftest.c
conftest.c:9:28: fatal error: ac_nonexistent.h: No such file or directory
compilation terminated.
configure:4952: $? = 1
configure: failed program was:
| /* confdefs.h */
| #define PACKAGE_NAME "Vikingcoin Core"
| #define PACKAGE_TARNAME "vikingcoin"
| #define PACKAGE_VERSION "0.9.2"
| #define PACKAGE_STRING "Vikingcoin Core 0.9.2"
| #define PACKAGE_BUGREPORT "info@bitcoin.org"
| #define PACKAGE_URL ""
| /* end confdefs.h.  */
| #include <ac_nonexistent.h>
configure:4977: result: gcc -E
configure:4997: gcc -E  conftest.c
configure:4997: $? = 0
configure:5011: gcc -E  conftest.c
conftest.c:9:28: fatal error: ac_nonexistent.h: No such file or directory
compilation terminated.
configure:5011: $? = 1
configure: failed program was:
| /* confdefs.h */
| #define PACKAGE_NAME "Vikingcoin Core"
| #define PACKAGE_TARNAME "vikingcoin"
| #define PACKAGE_VERSION "0.9.2"
| #define PACKAGE_STRING "Vikingcoin Core 0.9.2"
| #define PACKAGE_BUGREPORT "info@bitcoin.org"
| #define PACKAGE_URL ""
| /* end confdefs.h.  */
| #include <ac_nonexistent.h>
configure:5044: checking how to run the C++ preprocessor
configure:5071: g++ -E  conftest.cpp
configure:5071: $? = 0
configure:5085: g++ -E  conftest.cpp
conftest.cpp:9:28: fatal error: ac_nonexistent.h: No such file or directory
compilation terminated.
configure:5085: $? = 1
configure: failed program was:
| /* confdefs.h */
| #define PACKAGE_NAME "Vikingcoin Core"
| #define PACKAGE_TARNAME "vikingcoin"
| #define PACKAGE_VERSION "0.9.2"
| #define PACKAGE_STRING "Vikingcoin Core 0.9.2"
| #define PACKAGE_BUGREPORT "info@bitcoin.org"
| #define PACKAGE_URL ""
| /* end confdefs.h.  */
| #include <ac_nonexistent.h>
configure:5110: result: g++ -E
configure:5130: g++ -E  conftest.cpp
configure:5130: $? = 0
configure:5144: g++ -E  conftest.cpp
conftest.cpp:9:28: fatal error: ac_nonexistent.h: No such file or directory
compilation terminated.
configure:5144: $? = 1
configure: failed program was:
| /* confdefs.h */
| #define PACKAGE_NAME "Vikingcoin Core"
| #define PACKAGE_TARNAME "vikingcoin"
| #define PACKAGE_VERSION "0.9.2"
| #define PACKAGE_STRING "Vikingcoin Core 0.9.2"
| #define PACKAGE_BUGREPORT "info@bitcoin.org"
| #define PACKAGE_URL ""
| /* end confdefs.h.  */
| #include <ac_nonexistent.h>
configure:5227: checking for gcc
configure:5243: found /usr/bin/gcc
configure:5254: result: gcc
configure:5279: checking for Objective C compiler version
configure:5288: gcc --version >&5
gcc (Debian 4.7.2-5) 4.7.2
Copyright (C) 2012 Free Software Foundation, Inc.
This is free software; see the source for copying conditions.  There is NO
warranty; not even for MERCHANTABILITY or FITNESS FOR A PARTICULAR PURPOSE.

configure:5299: $? = 0
configure:5288: gcc -v >&5
Using built-in specs.
COLLECT_GCC=gcc
COLLECT_LTO_WRAPPER=/usr/lib/gcc/x86_64-linux-gnu/4.7/lto-wrapper
Target: x86_64-linux-gnu
Configured with: ../src/configure -v --with-pkgversion='Debian 4.7.2-5' --with-bugurl=file:///usr/share/doc/gcc-4.7/README.Bugs --enable-languages=c,c++,go,fortran,objc,obj-c++ --prefix=/usr --program-suffix=-4.7 --enable-shared --enable-linker-build-id --with-system-zlib --libexecdir=/usr/lib --without-included-gettext --enable-threads=posix --with-gxx-include-dir=/usr/include/c++/4.7 --libdir=/usr/lib --enable-nls --with-sysroot=/ --enable-clocale=gnu --enable-libstdcxx-debug --enable-libstdcxx-time=yes --enable-gnu-unique-object --enable-plugin --enable-objc-gc --with-arch-32=i586 --with-tune=generic --enable-checking=release --build=x86_64-linux-gnu --host=x86_64-linux-gnu --target=x86_64-linux-gnu
Thread model: posix
gcc version 4.7.2 (Debian 4.7.2-5) 
configure:5299: $? = 0
configure:5288: gcc -V >&5
gcc: error: unrecognized command line option '-V'
gcc: fatal error: no input files
compilation terminated.
configure:5299: $? = 4
configure:5288: gcc -qversion >&5
gcc: error: unrecognized command line option '-qversion'
gcc: fatal error: no input files
compilation terminated.
configure:5299: $? = 4
configure:5303: checking whether we are using the GNU Objective C compiler
configure:5322: gcc -c   conftest.m >&5
gcc: error trying to exec 'cc1obj': execvp: No such file or directory
configure:5322: $? = 1
configure: failed program was:
| /* confdefs.h */
| #define PACKAGE_NAME "Vikingcoin Core"
| #define PACKAGE_TARNAME "vikingcoin"
| #define PACKAGE_VERSION "0.9.2"
| #define PACKAGE_STRING "Vikingcoin Core 0.9.2"
| #define PACKAGE_BUGREPORT "info@bitcoin.org"
| #define PACKAGE_URL ""
| /* end confdefs.h.  */
| 
| int
| main ()
| {
| #ifndef __GNUC__
|        choke me
| #endif
| 
|   ;
|   return 0;
| }
configure:5331: result: no
configure:5340: checking whether gcc accepts -g
configure:5360: gcc -c -g  conftest.m >&5
gcc: error trying to exec 'cc1obj': execvp: No such file or directory
configure:5360: $? = 1
configure: failed program was:
| /* confdefs.h */
| #define PACKAGE_NAME "Vikingcoin Core"
| #define PACKAGE_TARNAME "vikingcoin"
| #define PACKAGE_VERSION "0.9.2"
| #define PACKAGE_STRING "Vikingcoin Core 0.9.2"
| #define PACKAGE_BUGREPORT "info@bitcoin.org"
| #define PACKAGE_URL ""
| /* end confdefs.h.  */
| 
| int
| main ()
| {
| 
|   ;
|   return 0;
| }
configure:5375: gcc -c   conftest.m >&5
gcc: error trying to exec 'cc1obj': execvp: No such file or directory
configure:5375: $? = 1
configure: failed program was:
| /* confdefs.h */
| #define PACKAGE_NAME "Vikingcoin Core"
| #define PACKAGE_TARNAME "vikingcoin"
| #define PACKAGE_VERSION "0.9.2"
| #define PACKAGE_STRING "Vikingcoin Core 0.9.2"
| #define PACKAGE_BUGREPORT "info@bitcoin.org"
| #define PACKAGE_URL ""
| /* end confdefs.h.  */
| 
| int
| main ()
| {
| 
|   ;
|   return 0;
| }
configure:5391: gcc -c -g  conftest.m >&5
gcc: error trying to exec 'cc1obj': execvp: No such file or directory
configure:5391: $? = 1
configure: failed program was:
| /* confdefs.h */
| #define PACKAGE_NAME "Vikingcoin Core"
| #define PACKAGE_TARNAME "vikingcoin"
| #define PACKAGE_VERSION "0.9.2"
| #define PACKAGE_STRING "Vikingcoin Core 0.9.2"
| #define PACKAGE_BUGREPORT "info@bitcoin.org"
| #define PACKAGE_URL ""
| /* end confdefs.h.  */
| 
| int
| main ()
| {
| 
|   ;
|   return 0;
| }
configure:5401: result: no
configure:5426: checking dependency style of gcc
configure:5535: result: gcc3
configure:5550: checking whether ln -s works
configure:5554: result: yes
configure:5615: checking for g++
configure:5631: found /usr/bin/g++
configure:5642: result: g++
configure:5667: checking for Objective C++ compiler version
configure:5676: g++ --version >&5
g++ (Debian 4.7.2-5) 4.7.2
Copyright (C) 2012 Free Software Foundation, Inc.
This is free software; see the source for copying conditions.  There is NO
warranty; not even for MERCHANTABILITY or FITNESS FOR A PARTICULAR PURPOSE.

configure:5687: $? = 0
configure:5676: g++ -v >&5
Using built-in specs.
COLLECT_GCC=g++
COLLECT_LTO_WRAPPER=/usr/lib/gcc/x86_64-linux-gnu/4.7/lto-wrapper
Target: x86_64-linux-gnu
Configured with: ../src/configure -v --with-pkgversion='Debian 4.7.2-5' --with-bugurl=file:///usr/share/doc/gcc-4.7/README.Bugs --enable-languages=c,c++,go,fortran,objc,obj-c++ --prefix=/usr --program-suffix=-4.7 --enable-shared --enable-linker-build-id --with-system-zlib --libexecdir=/usr/lib --without-included-gettext --enable-threads=posix --with-gxx-include-dir=/usr/include/c++/4.7 --libdir=/usr/lib --enable-nls --with-sysroot=/ --enable-clocale=gnu --enable-libstdcxx-debug --enable-libstdcxx-time=yes --enable-gnu-unique-object --enable-plugin --enable-objc-gc --with-arch-32=i586 --with-tune=generic --enable-checking=release --build=x86_64-linux-gnu --host=x86_64-linux-gnu --target=x86_64-linux-gnu
Thread model: posix
gcc version 4.7.2 (Debian 4.7.2-5) 
configure:5687: $? = 0
configure:5676: g++ -V >&5
g++: error: unrecognized command line option '-V'
g++: fatal error: no input files
compilation terminated.
configure:5687: $? = 4
configure:5676: g++ -qversion >&5
g++: error: unrecognized command line option '-qversion'
g++: fatal error: no input files
compilation terminated.
configure:5687: $? = 4
configure:5691: checking whether we are using the GNU Objective C++ compiler
configure:5710: g++ -c   conftest.mm >&5
g++: error trying to exec 'cc1objplus': execvp: No such file or directory
configure:5710: $? = 1
configure: failed program was:
| /* confdefs.h */
| #define PACKAGE_NAME "Vikingcoin Core"
| #define PACKAGE_TARNAME "vikingcoin"
| #define PACKAGE_VERSION "0.9.2"
| #define PACKAGE_STRING "Vikingcoin Core 0.9.2"
| #define PACKAGE_BUGREPORT "info@bitcoin.org"
| #define PACKAGE_URL ""
| /* end confdefs.h.  */
| 
| int
| main ()
| {
| #ifndef __GNUC__
|        choke me
| #endif
| 
|   ;
|   return 0;
| }
configure:5719: result: no
configure:5728: checking whether g++ accepts -g
configure:5748: g++ -c -g  conftest.mm >&5
g++: error trying to exec 'cc1objplus': execvp: No such file or directory
configure:5748: $? = 1
configure: failed program was:
| /* confdefs.h */
| #define PACKAGE_NAME "Vikingcoin Core"
| #define PACKAGE_TARNAME "vikingcoin"
| #define PACKAGE_VERSION "0.9.2"
| #define PACKAGE_STRING "Vikingcoin Core 0.9.2"
| #define PACKAGE_BUGREPORT "info@bitcoin.org"
| #define PACKAGE_URL ""
| /* end confdefs.h.  */
| 
| int
| main ()
| {
| 
|   ;
|   return 0;
| }
configure:5763: g++ -c   conftest.mm >&5
g++: error trying to exec 'cc1objplus': execvp: No such file or directory
configure:5763: $? = 1
configure: failed program was:
| /* confdefs.h */
| #define PACKAGE_NAME "Vikingcoin Core"
| #define PACKAGE_TARNAME "vikingcoin"
| #define PACKAGE_VERSION "0.9.2"
| #define PACKAGE_STRING "Vikingcoin Core 0.9.2"
| #define PACKAGE_BUGREPORT "info@bitcoin.org"
| #define PACKAGE_URL ""
| /* end confdefs.h.  */
| 
| int
| main ()
| {
| 
|   ;
|   return 0;
| }
configure:5779: g++ -c -g  conftest.mm >&5
g++: error trying to exec 'cc1objplus': execvp: No such file or directory
configure:5779: $? = 1
configure: failed program was:
| /* confdefs.h */
| #define PACKAGE_NAME "Vikingcoin Core"
| #define PACKAGE_TARNAME "vikingcoin"
| #define PACKAGE_VERSION "0.9.2"
| #define PACKAGE_STRING "Vikingcoin Core 0.9.2"
| #define PACKAGE_BUGREPORT "info@bitcoin.org"
| #define PACKAGE_URL ""
| /* end confdefs.h.  */
| 
| int
| main ()
| {
| 
|   ;
|   return 0;
| }
configure:5789: result: no
configure:5813: checking for a sed that does not truncate output
configure:5877: result: /bin/sed
configure:5928: checking for ar
configure:5946: found /usr/bin/ar
configure:5958: result: /usr/bin/ar
configure:6026: checking for ranlib
configure:6044: found /usr/bin/ranlib
configure:6056: result: /usr/bin/ranlib
configure:6124: checking for strip
configure:6142: found /usr/bin/strip
configure:6154: result: /usr/bin/strip
configure:6222: checking for gcov
configure:6240: found /usr/bin/gcov
configure:6252: result: /usr/bin/gcov
configure:6276: checking for lcov
configure:6309: result: no
configure:6316: checking for java
configure:6349: result: no
configure:6356: checking for genhtml
configure:6389: result: no
configure:6396: checking for git
configure:6414: found /usr/bin/git
configure:6426: result: /usr/bin/git
configure:6436: checking for ccache
configure:6469: result: no
configure:6476: checking for xgettext
configure:6509: result: no
configure:6516: checking for hexdump
configure:6534: found /usr/bin/hexdump
configure:6546: result: /usr/bin/hexdump
configure:6608: checking for pkg-config
configure:6626: found /usr/bin/pkg-config
configure:6638: result: /usr/bin/pkg-config
configure:6663: checking pkg-config is at least version 0.9.0
configure:6666: result: yes
configure:8187: checking for grep that handles long lines and -e
configure:8245: result: /bin/grep
configure:8250: checking for egrep
configure:8312: result: /bin/grep -E
configure:8317: checking for ANSI C header files
configure:8337: g++ -c -g -O2 -Wall -Wextra -Wformat -Wformat-security -Wno-unused-parameter  -DBOOST_SPIRIT_THREADSAFE -DHAVE_BUILD_INFO -D__STDC_FORMAT_MACROS conftest.cpp >&5
configure:8337: $? = 0
configure:8410: g++ -o conftest -g -O2 -Wall -Wextra -Wformat -Wformat-security -Wno-unused-parameter  -DBOOST_SPIRIT_THREADSAFE -DHAVE_BUILD_INFO -D__STDC_FORMAT_MACROS  conftest.cpp  >&5
configure:8410: $? = 0
configure:8410: ./conftest
configure:8410: $? = 0
configure:8421: result: yes
configure:8434: checking for sys/types.h
configure:8434: g++ -c -g -O2 -Wall -Wextra -Wformat -Wformat-security -Wno-unused-parameter  -DBOOST_SPIRIT_THREADSAFE -DHAVE_BUILD_INFO -D__STDC_FORMAT_MACROS conftest.cpp >&5
configure:8434: $? = 0
configure:8434: result: yes
configure:8434: checking for sys/stat.h
configure:8434: g++ -c -g -O2 -Wall -Wextra -Wformat -Wformat-security -Wno-unused-parameter  -DBOOST_SPIRIT_THREADSAFE -DHAVE_BUILD_INFO -D__STDC_FORMAT_MACROS conftest.cpp >&5
configure:8434: $? = 0
configure:8434: result: yes
configure:8434: checking for stdlib.h
configure:8434: g++ -c -g -O2 -Wall -Wextra -Wformat -Wformat-security -Wno-unused-parameter  -DBOOST_SPIRIT_THREADSAFE -DHAVE_BUILD_INFO -D__STDC_FORMAT_MACROS conftest.cpp >&5
configure:8434: $? = 0
configure:8434: result: yes
configure:8434: checking for string.h
configure:8434: g++ -c -g -O2 -Wall -Wextra -Wformat -Wformat-security -Wno-unused-parameter  -DBOOST_SPIRIT_THREADSAFE -DHAVE_BUILD_INFO -D__STDC_FORMAT_MACROS conftest.cpp >&5
configure:8434: $? = 0
configure:8434: result: yes
configure:8434: checking for memory.h
configure:8434: g++ -c -g -O2 -Wall -Wextra -Wformat -Wformat-security -Wno-unused-parameter  -DBOOST_SPIRIT_THREADSAFE -DHAVE_BUILD_INFO -D__STDC_FORMAT_MACROS conftest.cpp >&5
configure:8434: $? = 0
configure:8434: result: yes
configure:8434: checking for strings.h
configure:8434: g++ -c -g -O2 -Wall -Wextra -Wformat -Wformat-security -Wno-unused-parameter  -DBOOST_SPIRIT_THREADSAFE -DHAVE_BUILD_INFO -D__STDC_FORMAT_MACROS conftest.cpp >&5
configure:8434: $? = 0
configure:8434: result: yes
configure:8434: checking for inttypes.h
configure:8434: g++ -c -g -O2 -Wall -Wextra -Wformat -Wformat-security -Wno-unused-parameter  -DBOOST_SPIRIT_THREADSAFE -DHAVE_BUILD_INFO -D__STDC_FORMAT_MACROS conftest.cpp >&5
configure:8434: $? = 0
configure:8434: result: yes
configure:8434: checking for stdint.h
configure:8434: g++ -c -g -O2 -Wall -Wextra -Wformat -Wformat-security -Wno-unused-parameter  -DBOOST_SPIRIT_THREADSAFE -DHAVE_BUILD_INFO -D__STDC_FORMAT_MACROS conftest.cpp >&5
configure:8434: $? = 0
configure:8434: result: yes
configure:8434: checking for unistd.h
configure:8434: g++ -c -g -O2 -Wall -Wextra -Wformat -Wformat-security -Wno-unused-parameter  -DBOOST_SPIRIT_THREADSAFE -DHAVE_BUILD_INFO -D__STDC_FORMAT_MACROS conftest.cpp >&5
configure:8434: $? = 0
configure:8434: result: yes
configure:8446: checking whether byte ordering is bigendian
configure:8461: g++ -c -g -O2 -Wall -Wextra -Wformat -Wformat-security -Wno-unused-parameter  -DBOOST_SPIRIT_THREADSAFE -DHAVE_BUILD_INFO -D__STDC_FORMAT_MACROS conftest.cpp >&5
conftest.cpp:20:9: error: expected unqualified-id before 'not' token
configure:8461: $? = 1
configure: failed program was:
| /* confdefs.h */
| #define PACKAGE_NAME "Vikingcoin Core"
| #define PACKAGE_TARNAME "vikingcoin"
| #define PACKAGE_VERSION "0.9.2"
| #define PACKAGE_STRING "Vikingcoin Core 0.9.2"
| #define PACKAGE_BUGREPORT "info@bitcoin.org"
| #define PACKAGE_URL ""
| #define STDC_HEADERS 1
| #define HAVE_SYS_TYPES_H 1
| #define HAVE_SYS_STAT_H 1
| #define HAVE_STDLIB_H 1
| #define HAVE_STRING_H 1
| #define HAVE_MEMORY_H 1
| #define HAVE_STRINGS_H 1
| #define HAVE_INTTYPES_H 1
| #define HAVE_STDINT_H 1
| #define HAVE_UNISTD_H 1
| /* end confdefs.h.  */
| #ifndef __APPLE_CC__
| 	       not a universal capable compiler
| 	     #endif
| 	     typedef int dummy;
| 
configure:8506: g++ -c -g -O2 -Wall -Wextra -Wformat -Wformat-security -Wno-unused-parameter  -DBOOST_SPIRIT_THREADSAFE -DHAVE_BUILD_INFO -D__STDC_FORMAT_MACROS conftest.cpp >&5
configure:8506: $? = 0
configure:8524: g++ -c -g -O2 -Wall -Wextra -Wformat -Wformat-security -Wno-unused-parameter  -DBOOST_SPIRIT_THREADSAFE -DHAVE_BUILD_INFO -D__STDC_FORMAT_MACROS conftest.cpp >&5
conftest.cpp: In function 'int main()':
conftest.cpp:26:8: error: 'big' was not declared in this scope
conftest.cpp:26:12: error: expected ';' before 'endian'
configure:8524: $? = 1
configure: failed program was:
| /* confdefs.h */
| #define PACKAGE_NAME "Vikingcoin Core"
| #define PACKAGE_TARNAME "vikingcoin"
| #define PACKAGE_VERSION "0.9.2"
| #define PACKAGE_STRING "Vikingcoin Core 0.9.2"
| #define PACKAGE_BUGREPORT "info@bitcoin.org"
| #define PACKAGE_URL ""
| #define STDC_HEADERS 1
| #define HAVE_SYS_TYPES_H 1
| #define HAVE_SYS_STAT_H 1
| #define HAVE_STDLIB_H 1
| #define HAVE_STRING_H 1
| #define HAVE_MEMORY_H 1
| #define HAVE_STRINGS_H 1
| #define HAVE_INTTYPES_H 1
| #define HAVE_STDINT_H 1
| #define HAVE_UNISTD_H 1
| /* end confdefs.h.  */
| #include <sys/types.h>
| 		#include <sys/param.h>
| 
| int
| main ()
| {
| #if BYTE_ORDER != BIG_ENDIAN
| 		 not big endian
| 		#endif
| 
|   ;
|   return 0;
| }
configure:8652: result: no
configure:8783: checking if compiler needs -Werror to reject unknown flags
configure:8799: gcc -c -g -O2 -Werror -Wunknown-warning-option -Wsizeof-array-argument  -DBOOST_SPIRIT_THREADSAFE -DHAVE_BUILD_INFO -D__STDC_FORMAT_MACROS conftest.c >&5
gcc: error: unrecognized command line option '-Wunknown-warning-option'
gcc: error: unrecognized command line option '-Wsizeof-array-argument'
configure:8799: $? = 1
configure: failed program was:
| /* confdefs.h */
| #define PACKAGE_NAME "Vikingcoin Core"
| #define PACKAGE_TARNAME "vikingcoin"
| #define PACKAGE_VERSION "0.9.2"
| #define PACKAGE_STRING "Vikingcoin Core 0.9.2"
| #define PACKAGE_BUGREPORT "info@bitcoin.org"
| #define PACKAGE_URL ""
| #define STDC_HEADERS 1
| #define HAVE_SYS_TYPES_H 1
| #define HAVE_SYS_STAT_H 1
| #define HAVE_STDLIB_H 1
| #define HAVE_STRING_H 1
| #define HAVE_MEMORY_H 1
| #define HAVE_STRINGS_H 1
| #define HAVE_INTTYPES_H 1
| #define HAVE_STDINT_H 1
| #define HAVE_UNISTD_H 1
| /* end confdefs.h.  */
| int foo(void);
| int
| main ()
| {
| foo()
|   ;
|   return 0;
| }
configure:8804: result: no
configure:8870: checking for the pthreads library -lpthreads
configure:8908: gcc -o conftest -g -O2    -DBOOST_SPIRIT_THREADSAFE -DHAVE_BUILD_INFO -D__STDC_FORMAT_MACROS  conftest.c -lpthreads  >&5
/usr/bin/ld: cannot find -lpthreads
collect2: error: ld returned 1 exit status
configure:8908: $? = 1
configure: failed program was:
| /* confdefs.h */
| #define PACKAGE_NAME "Vikingcoin Core"
| #define PACKAGE_TARNAME "vikingcoin"
| #define PACKAGE_VERSION "0.9.2"
| #define PACKAGE_STRING "Vikingcoin Core 0.9.2"
| #define PACKAGE_BUGREPORT "info@bitcoin.org"
| #define PACKAGE_URL ""
| #define STDC_HEADERS 1
| #define HAVE_SYS_TYPES_H 1
| #define HAVE_SYS_STAT_H 1
| #define HAVE_STDLIB_H 1
| #define HAVE_STRING_H 1
| #define HAVE_MEMORY_H 1
| #define HAVE_STRINGS_H 1
| #define HAVE_INTTYPES_H 1
| #define HAVE_STDINT_H 1
| #define HAVE_UNISTD_H 1
| /* end confdefs.h.  */
| #include <pthread.h>
|                         static void routine(void *a) { a = 0; }
|                         static void *start_routine(void *a) { return a; }
| int
| main ()
| {
| pthread_t th; pthread_attr_t attr;
|                         pthread_create(&th, 0, start_routine, 0);
|                         pthread_join(th, 0);
|                         pthread_attr_init(&attr);
|                         pthread_cleanup_push(routine, 0);
|                         pthread_cleanup_pop(0) /* ; */
|   ;
|   return 0;
| }
configure:8917: result: no
configure:8815: checking whether pthreads work without any flags
configure:8908: gcc -o conftest -g -O2    -DBOOST_SPIRIT_THREADSAFE -DHAVE_BUILD_INFO -D__STDC_FORMAT_MACROS  conftest.c   >&5
/tmp/ccbUVAsr.o: In function `main':
/root/vikingcoin/conftest.c:26: undefined reference to `pthread_create'
/root/vikingcoin/conftest.c:27: undefined reference to `pthread_join'
/root/vikingcoin/conftest.c:29: undefined reference to `__pthread_register_cancel'
/root/vikingcoin/conftest.c:30: undefined reference to `__pthread_unregister_cancel'
collect2: error: ld returned 1 exit status
configure:8908: $? = 1
configure: failed program was:
| /* confdefs.h */
| #define PACKAGE_NAME "Vikingcoin Core"
| #define PACKAGE_TARNAME "vikingcoin"
| #define PACKAGE_VERSION "0.9.2"
| #define PACKAGE_STRING "Vikingcoin Core 0.9.2"
| #define PACKAGE_BUGREPORT "info@bitcoin.org"
| #define PACKAGE_URL ""
| #define STDC_HEADERS 1
| #define HAVE_SYS_TYPES_H 1
| #define HAVE_SYS_STAT_H 1
| #define HAVE_STDLIB_H 1
| #define HAVE_STRING_H 1
| #define HAVE_MEMORY_H 1
| #define HAVE_STRINGS_H 1
| #define HAVE_INTTYPES_H 1
| #define HAVE_STDINT_H 1
| #define HAVE_UNISTD_H 1
| /* end confdefs.h.  */
| #include <pthread.h>
|                         static void routine(void *a) { a = 0; }
|                         static void *start_routine(void *a) { return a; }
| int
| main ()
| {
| pthread_t th; pthread_attr_t attr;
|                         pthread_create(&th, 0, start_routine, 0);
|                         pthread_join(th, 0);
|                         pthread_attr_init(&attr);
|                         pthread_cleanup_push(routine, 0);
|                         pthread_cleanup_pop(0) /* ; */
|   ;
|   return 0;
| }
configure:8917: result: no
configure:8820: checking whether pthreads work with -Kthread
configure:8908: gcc -o conftest -g -O2 -Kthread   -DBOOST_SPIRIT_THREADSAFE -DHAVE_BUILD_INFO -D__STDC_FORMAT_MACROS  conftest.c   >&5
gcc: error: unrecognized command line option '-Kthread'
configure:8908: $? = 1
configure: failed program was:
| /* confdefs.h */
| #define PACKAGE_NAME "Vikingcoin Core"
| #define PACKAGE_TARNAME "vikingcoin"
| #define PACKAGE_VERSION "0.9.2"
| #define PACKAGE_STRING "Vikingcoin Core 0.9.2"
| #define PACKAGE_BUGREPORT "info@bitcoin.org"
| #define PACKAGE_URL ""
| #define STDC_HEADERS 1
| #define HAVE_SYS_TYPES_H 1
| #define HAVE_SYS_STAT_H 1
| #define HAVE_STDLIB_H 1
| #define HAVE_STRING_H 1
| #define HAVE_MEMORY_H 1
| #define HAVE_STRINGS_H 1
| #define HAVE_INTTYPES_H 1
| #define HAVE_STDINT_H 1
| #define HAVE_UNISTD_H 1
| /* end confdefs.h.  */
| #include <pthread.h>
|                         static void routine(void *a) { a = 0; }
|                         static void *start_routine(void *a) { return a; }
| int
| main ()
| {
| pthread_t th; pthread_attr_t attr;
|                         pthread_create(&th, 0, start_routine, 0);
|                         pthread_join(th, 0);
|                         pthread_attr_init(&attr);
|                         pthread_cleanup_push(routine, 0);
|                         pthread_cleanup_pop(0) /* ; */
|   ;
|   return 0;
| }
configure:8917: result: no
configure:8820: checking whether pthreads work with -kthread
configure:8908: gcc -o conftest -g -O2 -kthread   -DBOOST_SPIRIT_THREADSAFE -DHAVE_BUILD_INFO -D__STDC_FORMAT_MACROS  conftest.c   >&5
gcc: error: unrecognized command line option '-kthread'
configure:8908: $? = 1
configure: failed program was:
| /* confdefs.h */
| #define PACKAGE_NAME "Vikingcoin Core"
| #define PACKAGE_TARNAME "vikingcoin"
| #define PACKAGE_VERSION "0.9.2"
| #define PACKAGE_STRING "Vikingcoin Core 0.9.2"
| #define PACKAGE_BUGREPORT "info@bitcoin.org"
| #define PACKAGE_URL ""
| #define STDC_HEADERS 1
| #define HAVE_SYS_TYPES_H 1
| #define HAVE_SYS_STAT_H 1
| #define HAVE_STDLIB_H 1
| #define HAVE_STRING_H 1
| #define HAVE_MEMORY_H 1
| #define HAVE_STRINGS_H 1
| #define HAVE_INTTYPES_H 1
| #define HAVE_STDINT_H 1
| #define HAVE_UNISTD_H 1
| /* end confdefs.h.  */
| #include <pthread.h>
|                         static void routine(void *a) { a = 0; }
|                         static void *start_routine(void *a) { return a; }
| int
| main ()
| {
| pthread_t th; pthread_attr_t attr;
|                         pthread_create(&th, 0, start_routine, 0);
|                         pthread_join(th, 0);
|                         pthread_attr_init(&attr);
|                         pthread_cleanup_push(routine, 0);
|                         pthread_cleanup_pop(0) /* ; */
|   ;
|   return 0;
| }
configure:8917: result: no
configure:8870: checking for the pthreads library -llthread
configure:8908: gcc -o conftest -g -O2    -DBOOST_SPIRIT_THREADSAFE -DHAVE_BUILD_INFO -D__STDC_FORMAT_MACROS  conftest.c -llthread  >&5
/usr/bin/ld: cannot find -llthread
collect2: error: ld returned 1 exit status
configure:8908: $? = 1
configure: failed program was:
| /* confdefs.h */
| #define PACKAGE_NAME "Vikingcoin Core"
| #define PACKAGE_TARNAME "vikingcoin"
| #define PACKAGE_VERSION "0.9.2"
| #define PACKAGE_STRING "Vikingcoin Core 0.9.2"
| #define PACKAGE_BUGREPORT "info@bitcoin.org"
| #define PACKAGE_URL ""
| #define STDC_HEADERS 1
| #define HAVE_SYS_TYPES_H 1
| #define HAVE_SYS_STAT_H 1
| #define HAVE_STDLIB_H 1
| #define HAVE_STRING_H 1
| #define HAVE_MEMORY_H 1
| #define HAVE_STRINGS_H 1
| #define HAVE_INTTYPES_H 1
| #define HAVE_STDINT_H 1
| #define HAVE_UNISTD_H 1
| /* end confdefs.h.  */
| #include <pthread.h>
|                         static void routine(void *a) { a = 0; }
|                         static void *start_routine(void *a) { return a; }
| int
| main ()
| {
| pthread_t th; pthread_attr_t attr;
|                         pthread_create(&th, 0, start_routine, 0);
|                         pthread_join(th, 0);
|                         pthread_attr_init(&attr);
|                         pthread_cleanup_push(routine, 0);
|                         pthread_cleanup_pop(0) /* ; */
|   ;
|   return 0;
| }
configure:8917: result: no
configure:8820: checking whether pthreads work with -pthread
configure:8908: gcc -o conftest -g -O2 -pthread   -DBOOST_SPIRIT_THREADSAFE -DHAVE_BUILD_INFO -D__STDC_FORMAT_MACROS  conftest.c   >&5
configure:8908: $? = 0
configure:8917: result: yes
configure:8936: checking for joinable pthread attribute
configure:8951: gcc -o conftest -g -O2 -pthread  -DBOOST_SPIRIT_THREADSAFE -DHAVE_BUILD_INFO -D__STDC_FORMAT_MACROS  conftest.c   >&5
configure:8951: $? = 0
configure:8957: result: PTHREAD_CREATE_JOINABLE
configure:8967: checking if more special flags are required for pthreads
configure:8982: result: no
configure:8988: checking for PTHREAD_PRIO_INHERIT
configure:9005: gcc -o conftest -g -O2 -pthread  -DBOOST_SPIRIT_THREADSAFE -DHAVE_BUILD_INFO -D__STDC_FORMAT_MACROS  conftest.c   >&5
conftest.c: In function 'main':
conftest.c:23:9: error: 'PTHREAD_PRIO_INHERIT' undeclared (first use in this function)
conftest.c:23:9: note: each undeclared identifier is reported only once for each function it appears in
configure:9005: $? = 1
configure: failed program was:
| /* confdefs.h */
| #define PACKAGE_NAME "Vikingcoin Core"
| #define PACKAGE_TARNAME "vikingcoin"
| #define PACKAGE_VERSION "0.9.2"
| #define PACKAGE_STRING "Vikingcoin Core 0.9.2"
| #define PACKAGE_BUGREPORT "info@bitcoin.org"
| #define PACKAGE_URL ""
| #define STDC_HEADERS 1
| #define HAVE_SYS_TYPES_H 1
| #define HAVE_SYS_STAT_H 1
| #define HAVE_STDLIB_H 1
| #define HAVE_STRING_H 1
| #define HAVE_MEMORY_H 1
| #define HAVE_STRINGS_H 1
| #define HAVE_INTTYPES_H 1
| #define HAVE_STDINT_H 1
| #define HAVE_UNISTD_H 1
| /* end confdefs.h.  */
| #include <pthread.h>
| int
| main ()
| {
| int i = PTHREAD_PRIO_INHERIT;
|   ;
|   return 0;
| }
configure:9014: result: no
configure:9125: checking for special C compiler options needed for large files
configure:9170: result: no
configure:9176: checking for _FILE_OFFSET_BITS value needed for large files
configure:9201: g++ -c -g -O2 -Wall -Wextra -Wformat -Wformat-security -Wno-unused-parameter  -DBOOST_SPIRIT_THREADSAFE -DHAVE_BUILD_INFO -D__STDC_FORMAT_MACROS conftest.cpp >&5
configure:9201: $? = 0
configure:9233: result: no
configure:9319: checking whether strerror_r is declared
configure:9319: g++ -c -g -O2 -Wall -Wextra -Wformat -Wformat-security -Wno-unused-parameter  -DBOOST_SPIRIT_THREADSAFE -DHAVE_BUILD_INFO -D__STDC_FORMAT_MACROS conftest.cpp >&5
configure:9319: $? = 0
configure:9319: result: yes
configure:9332: checking for strerror_r
configure:9332: g++ -o conftest -g -O2 -Wall -Wextra -Wformat -Wformat-security -Wno-unused-parameter  -DBOOST_SPIRIT_THREADSAFE -DHAVE_BUILD_INFO -D__STDC_FORMAT_MACROS  conftest.cpp  >&5
configure:9332: $? = 0
configure:9332: result: yes
configure:9341: checking whether strerror_r returns char *
configure:9365: g++ -c -g -O2 -Wall -Wextra -Wformat -Wformat-security -Wno-unused-parameter  -DBOOST_SPIRIT_THREADSAFE -DHAVE_BUILD_INFO -D__STDC_FORMAT_MACROS conftest.cpp >&5
configure:9365: $? = 0
configure:9403: result: yes
configure:9424: checking whether the linker accepts -Wl,--large-address-aware
configure:9443: g++ -o conftest -g -O2 -Wall -Wextra -Wformat -Wformat-security -Wno-unused-parameter  -DBOOST_SPIRIT_THREADSAFE -DHAVE_BUILD_INFO -D__STDC_FORMAT_MACROS   -Wl,--large-address-aware conftest.cpp  >&5
/usr/bin/ld: unrecognized option '--large-address-aware'
/usr/bin/ld: use the --help option for usage information
collect2: error: ld returned 1 exit status
configure:9443: $? = 1
configure: failed program was:
| /* confdefs.h */
| #define PACKAGE_NAME "Vikingcoin Core"
| #define PACKAGE_TARNAME "vikingcoin"
| #define PACKAGE_VERSION "0.9.2"
| #define PACKAGE_STRING "Vikingcoin Core 0.9.2"
| #define PACKAGE_BUGREPORT "info@bitcoin.org"
| #define PACKAGE_URL ""
| #define STDC_HEADERS 1
| #define HAVE_SYS_TYPES_H 1
| #define HAVE_SYS_STAT_H 1
| #define HAVE_STDLIB_H 1
| #define HAVE_STRING_H 1
| #define HAVE_MEMORY_H 1
| #define HAVE_STRINGS_H 1
| #define HAVE_INTTYPES_H 1
| #define HAVE_STDINT_H 1
| #define HAVE_UNISTD_H 1
| #define HAVE_PTHREAD 1
| #define HAVE_DECL_STRERROR_R 1
| #define HAVE_STRERROR_R 1
| #define STRERROR_R_CHAR_P 1
| /* end confdefs.h.  */
| 
| int
| main ()
| {
| 
|   ;
|   return 0;
| }
configure:9452: result: no
configure:9497: checking whether C++ compiler accepts -Wstack-protector
configure:9516: g++ -c -g -O2 -Wall -Wextra -Wformat -Wformat-security -Wno-unused-parameter  -Wstack-protector  -DBOOST_SPIRIT_THREADSAFE -DHAVE_BUILD_INFO -D__STDC_FORMAT_MACROS conftest.cpp >&5
configure:9516: $? = 0
configure:9524: result: yes
configure:9532: checking whether C++ compiler accepts -fstack-protector-all
configure:9551: g++ -c -g -O2 -Wall -Wextra -Wformat -Wformat-security -Wno-unused-parameter  -fstack-protector-all  -DBOOST_SPIRIT_THREADSAFE -DHAVE_BUILD_INFO -D__STDC_FORMAT_MACROS conftest.cpp >&5
configure:9551: $? = 0
configure:9559: result: yes
configure:9567: checking whether C++ compiler accepts -fPIE
configure:9586: g++ -c -g -O2 -Wall -Wextra -Wformat -Wformat-security -Wno-unused-parameter  -fPIE  -DBOOST_SPIRIT_THREADSAFE -DHAVE_BUILD_INFO -D__STDC_FORMAT_MACROS conftest.cpp >&5
configure:9586: $? = 0
configure:9594: result: yes
configure:9603: checking whether C++ preprocessor accepts -D_FORTIFY_SOURCE=2
configure:9622: g++ -E  -DBOOST_SPIRIT_THREADSAFE -DHAVE_BUILD_INFO -D__STDC_FORMAT_MACROS  -D_FORTIFY_SOURCE=2 conftest.cpp
configure:9622: $? = 0
configure:9630: result: yes
configure:9634: checking whether C++ preprocessor accepts -U_FORTIFY_SOURCE
configure:9653: g++ -E  -DBOOST_SPIRIT_THREADSAFE -DHAVE_BUILD_INFO -D__STDC_FORMAT_MACROS  -U_FORTIFY_SOURCE conftest.cpp
configure:9653: $? = 0
configure:9661: result: yes
configure:9678: checking whether the linker accepts -Wl,--dynamicbase
configure:9697: g++ -o conftest -g -O2 -Wall -Wextra -Wformat -Wformat-security -Wno-unused-parameter  -DBOOST_SPIRIT_THREADSAFE -DHAVE_BUILD_INFO -D__STDC_FORMAT_MACROS   -Wl,--dynamicbase conftest.cpp  >&5
/usr/bin/ld: unrecognized option '--dynamicbase'
/usr/bin/ld: use the --help option for usage information
collect2: error: ld returned 1 exit status
configure:9697: $? = 1
configure: failed program was:
| /* confdefs.h */
| #define PACKAGE_NAME "Vikingcoin Core"
| #define PACKAGE_TARNAME "vikingcoin"
| #define PACKAGE_VERSION "0.9.2"
| #define PACKAGE_STRING "Vikingcoin Core 0.9.2"
| #define PACKAGE_BUGREPORT "info@bitcoin.org"
| #define PACKAGE_URL ""
| #define STDC_HEADERS 1
| #define HAVE_SYS_TYPES_H 1
| #define HAVE_SYS_STAT_H 1
| #define HAVE_STDLIB_H 1
| #define HAVE_STRING_H 1
| #define HAVE_MEMORY_H 1
| #define HAVE_STRINGS_H 1
| #define HAVE_INTTYPES_H 1
| #define HAVE_STDINT_H 1
| #define HAVE_UNISTD_H 1
| #define HAVE_PTHREAD 1
| #define HAVE_DECL_STRERROR_R 1
| #define HAVE_STRERROR_R 1
| #define STRERROR_R_CHAR_P 1
| /* end confdefs.h.  */
| 
| int
| main ()
| {
| 
|   ;
|   return 0;
| }
configure:9706: result: no
configure:9714: checking whether the linker accepts -Wl,--nxcompat
configure:9733: g++ -o conftest -g -O2 -Wall -Wextra -Wformat -Wformat-security -Wno-unused-parameter  -DBOOST_SPIRIT_THREADSAFE -DHAVE_BUILD_INFO -D__STDC_FORMAT_MACROS   -Wl,--nxcompat conftest.cpp  >&5
/usr/bin/ld: unrecognized option '--nxcompat'
/usr/bin/ld: use the --help option for usage information
collect2: error: ld returned 1 exit status
configure:9733: $? = 1
configure: failed program was:
| /* confdefs.h */
| #define PACKAGE_NAME "Vikingcoin Core"
| #define PACKAGE_TARNAME "vikingcoin"
| #define PACKAGE_VERSION "0.9.2"
| #define PACKAGE_STRING "Vikingcoin Core 0.9.2"
| #define PACKAGE_BUGREPORT "info@bitcoin.org"
| #define PACKAGE_URL ""
| #define STDC_HEADERS 1
| #define HAVE_SYS_TYPES_H 1
| #define HAVE_SYS_STAT_H 1
| #define HAVE_STDLIB_H 1
| #define HAVE_STRING_H 1
| #define HAVE_MEMORY_H 1
| #define HAVE_STRINGS_H 1
| #define HAVE_INTTYPES_H 1
| #define HAVE_STDINT_H 1
| #define HAVE_UNISTD_H 1
| #define HAVE_PTHREAD 1
| #define HAVE_DECL_STRERROR_R 1
| #define HAVE_STRERROR_R 1
| #define STRERROR_R_CHAR_P 1
| /* end confdefs.h.  */
| 
| int
| main ()
| {
| 
|   ;
|   return 0;
| }
configure:9742: result: no
configure:9750: checking whether the linker accepts -Wl,-z,relro
configure:9769: g++ -o conftest -g -O2 -Wall -Wextra -Wformat -Wformat-security -Wno-unused-parameter  -DBOOST_SPIRIT_THREADSAFE -DHAVE_BUILD_INFO -D__STDC_FORMAT_MACROS   -Wl,-z,relro conftest.cpp  >&5
configure:9769: $? = 0
configure:9778: result: yes
configure:9786: checking whether the linker accepts -Wl,-z,now
configure:9805: g++ -o conftest -g -O2 -Wall -Wextra -Wformat -Wformat-security -Wno-unused-parameter  -DBOOST_SPIRIT_THREADSAFE -DHAVE_BUILD_INFO -D__STDC_FORMAT_MACROS   -Wl,-z,now conftest.cpp  >&5
configure:9805: $? = 0
configure:9814: result: yes
configure:9825: checking whether the linker accepts -pie
configure:9844: g++ -o conftest -g -O2 -Wall -Wextra -Wformat -Wformat-security -Wno-unused-parameter  -DBOOST_SPIRIT_THREADSAFE -DHAVE_BUILD_INFO -D__STDC_FORMAT_MACROS   -pie conftest.cpp  >&5
configure:9844: $? = 0
configure:9853: result: yes
configure:9911: checking stdio.h usability
configure:9911: g++ -c -g -O2 -Wall -Wextra -Wformat -Wformat-security -Wno-unused-parameter  -Wstack-protector -fstack-protector-all -fPIE  -DBOOST_SPIRIT_THREADSAFE -DHAVE_BUILD_INFO -D__STDC_FORMAT_MACROS  -U_FORTIFY_SOURCE -D_FORTIFY_SOURCE=2 conftest.cpp >&5
configure:9911: $? = 0
configure:9911: result: yes
configure:9911: checking stdio.h presence
configure:9911: g++ -E  -DBOOST_SPIRIT_THREADSAFE -DHAVE_BUILD_INFO -D__STDC_FORMAT_MACROS  -U_FORTIFY_SOURCE -D_FORTIFY_SOURCE=2 conftest.cpp
configure:9911: $? = 0
configure:9911: result: yes
configure:9911: checking for stdio.h
configure:9911: result: yes
configure:9911: checking for stdlib.h
configure:9911: result: yes
configure:9911: checking for unistd.h
configure:9911: result: yes
configure:9911: checking for strings.h
configure:9911: result: yes
configure:9911: checking for sys/types.h
configure:9911: result: yes
configure:9911: checking for sys/stat.h
configure:9911: result: yes
configure:9922: checking for MSG_NOSIGNAL
configure:9935: g++ -c -g -O2 -Wall -Wextra -Wformat -Wformat-security -Wno-unused-parameter  -Wstack-protector -fstack-protector-all -fPIE  -DBOOST_SPIRIT_THREADSAFE -DHAVE_BUILD_INFO -D__STDC_FORMAT_MACROS  -U_FORTIFY_SOURCE -D_FORTIFY_SOURCE=2 conftest.cpp >&5
conftest.cpp: In function 'int main()':
conftest.cpp:33:6: warning: unused variable 'f' [-Wunused-variable]
configure:9935: $? = 0
configure:9936: result: yes
configure:9964: checking for Berkeley DB C++ headers
configure:9995: g++ -c -g -O2 -Wall -Wextra -Wformat -Wformat-security -Wno-unused-parameter  -Wstack-protector -fstack-protector-all -fPIE  -DBOOST_SPIRIT_THREADSAFE -DHAVE_BUILD_INFO -D__STDC_FORMAT_MACROS  -U_FORTIFY_SOURCE -D_FORTIFY_SOURCE=2 conftest.cpp >&5
conftest.cpp:31:33: fatal error: bdb4.8/db_cxx.h: No such file or directory
compilation terminated.
configure:9995: $? = 1
configure: failed program was:
| /* confdefs.h */
| #define PACKAGE_NAME "Vikingcoin Core"
| #define PACKAGE_TARNAME "vikingcoin"
| #define PACKAGE_VERSION "0.9.2"
| #define PACKAGE_STRING "Vikingcoin Core 0.9.2"
| #define PACKAGE_BUGREPORT "info@bitcoin.org"
| #define PACKAGE_URL ""
| #define STDC_HEADERS 1
| #define HAVE_SYS_TYPES_H 1
| #define HAVE_SYS_STAT_H 1
| #define HAVE_STDLIB_H 1
| #define HAVE_STRING_H 1
| #define HAVE_MEMORY_H 1
| #define HAVE_STRINGS_H 1
| #define HAVE_INTTYPES_H 1
| #define HAVE_STDINT_H 1
| #define HAVE_UNISTD_H 1
| #define HAVE_PTHREAD 1
| #define HAVE_DECL_STRERROR_R 1
| #define HAVE_STRERROR_R 1
| #define STRERROR_R_CHAR_P 1
| #define HAVE_STDIO_H 1
| #define HAVE_STDLIB_H 1
| #define HAVE_UNISTD_H 1
| #define HAVE_STRINGS_H 1
| #define HAVE_SYS_TYPES_H 1
| #define HAVE_SYS_STAT_H 1
| #define HAVE_MSG_NOSIGNAL 1
| /* end confdefs.h.  */
| 
|       #include <bdb4.8/db_cxx.h>
| 
| int
| main ()
| {
| 
|       #if !((DB_VERSION_MAJOR == 4 && DB_VERSION_MINOR >= 8) || DB_VERSION_MAJOR > 4)
|         #error "failed to find bdb 4.8+"
|       #endif
| 
|   ;
|   return 0;
| }
configure:9995: g++ -c -g -O2 -Wall -Wextra -Wformat -Wformat-security -Wno-unused-parameter  -Wstack-protector -fstack-protector-all -fPIE  -DBOOST_SPIRIT_THREADSAFE -DHAVE_BUILD_INFO -D__STDC_FORMAT_MACROS  -U_FORTIFY_SOURCE -D_FORTIFY_SOURCE=2 conftest.cpp >&5
conftest.cpp:31:35: fatal error: libdb4.8/db_cxx.h: No such file or directory
compilation terminated.
configure:9995: $? = 1
configure: failed program was:
| /* confdefs.h */
| #define PACKAGE_NAME "Vikingcoin Core"
| #define PACKAGE_TARNAME "vikingcoin"
| #define PACKAGE_VERSION "0.9.2"
| #define PACKAGE_STRING "Vikingcoin Core 0.9.2"
| #define PACKAGE_BUGREPORT "info@bitcoin.org"
| #define PACKAGE_URL ""
| #define STDC_HEADERS 1
| #define HAVE_SYS_TYPES_H 1
| #define HAVE_SYS_STAT_H 1
| #define HAVE_STDLIB_H 1
| #define HAVE_STRING_H 1
| #define HAVE_MEMORY_H 1
| #define HAVE_STRINGS_H 1
| #define HAVE_INTTYPES_H 1
| #define HAVE_STDINT_H 1
| #define HAVE_UNISTD_H 1
| #define HAVE_PTHREAD 1
| #define HAVE_DECL_STRERROR_R 1
| #define HAVE_STRERROR_R 1
| #define STRERROR_R_CHAR_P 1
| #define HAVE_STDIO_H 1
| #define HAVE_STDLIB_H 1
| #define HAVE_UNISTD_H 1
| #define HAVE_STRINGS_H 1
| #define HAVE_SYS_TYPES_H 1
| #define HAVE_SYS_STAT_H 1
| #define HAVE_MSG_NOSIGNAL 1
| /* end confdefs.h.  */
| 
|       #include <libdb4.8/db_cxx.h>
| 
| int
| main ()
| {
| 
|       #if !((DB_VERSION_MAJOR == 4 && DB_VERSION_MINOR >= 8) || DB_VERSION_MAJOR > 4)
|         #error "failed to find bdb 4.8+"
|       #endif
| 
|   ;
|   return 0;
| }
configure:9995: g++ -c -g -O2 -Wall -Wextra -Wformat -Wformat-security -Wno-unused-parameter  -Wstack-protector -fstack-protector-all -fPIE  -DBOOST_SPIRIT_THREADSAFE -DHAVE_BUILD_INFO -D__STDC_FORMAT_MACROS  -U_FORTIFY_SOURCE -D_FORTIFY_SOURCE=2 conftest.cpp >&5
conftest.cpp:31:32: fatal error: db4.8/db_cxx.h: No such file or directory
compilation terminated.
configure:9995: $? = 1
configure: failed program was:
| /* confdefs.h */
| #define PACKAGE_NAME "Vikingcoin Core"
| #define PACKAGE_TARNAME "vikingcoin"
| #define PACKAGE_VERSION "0.9.2"
| #define PACKAGE_STRING "Vikingcoin Core 0.9.2"
| #define PACKAGE_BUGREPORT "info@bitcoin.org"
| #define PACKAGE_URL ""
| #define STDC_HEADERS 1
| #define HAVE_SYS_TYPES_H 1
| #define HAVE_SYS_STAT_H 1
| #define HAVE_STDLIB_H 1
| #define HAVE_STRING_H 1
| #define HAVE_MEMORY_H 1
| #define HAVE_STRINGS_H 1
| #define HAVE_INTTYPES_H 1
| #define HAVE_STDINT_H 1
| #define HAVE_UNISTD_H 1
| #define HAVE_PTHREAD 1
| #define HAVE_DECL_STRERROR_R 1
| #define HAVE_STRERROR_R 1
| #define STRERROR_R_CHAR_P 1
| #define HAVE_STDIO_H 1
| #define HAVE_STDLIB_H 1
| #define HAVE_UNISTD_H 1
| #define HAVE_STRINGS_H 1
| #define HAVE_SYS_TYPES_H 1
| #define HAVE_SYS_STAT_H 1
| #define HAVE_MSG_NOSIGNAL 1
| /* end confdefs.h.  */
| 
|       #include <db4.8/db_cxx.h>
| 
| int
| main ()
| {
| 
|       #if !((DB_VERSION_MAJOR == 4 && DB_VERSION_MINOR >= 8) || DB_VERSION_MAJOR > 4)
|         #error "failed to find bdb 4.8+"
|       #endif
| 
|   ;
|   return 0;
| }
configure:9995: g++ -c -g -O2 -Wall -Wextra -Wformat -Wformat-security -Wno-unused-parameter  -Wstack-protector -fstack-protector-all -fPIE  -DBOOST_SPIRIT_THREADSAFE -DHAVE_BUILD_INFO -D__STDC_FORMAT_MACROS  -U_FORTIFY_SOURCE -D_FORTIFY_SOURCE=2 conftest.cpp >&5
conftest.cpp:31:32: fatal error: bdb48/db_cxx.h: No such file or directory
compilation terminated.
configure:9995: $? = 1
configure: failed program was:
| /* confdefs.h */
| #define PACKAGE_NAME "Vikingcoin Core"
| #define PACKAGE_TARNAME "vikingcoin"
| #define PACKAGE_VERSION "0.9.2"
| #define PACKAGE_STRING "Vikingcoin Core 0.9.2"
| #define PACKAGE_BUGREPORT "info@bitcoin.org"
| #define PACKAGE_URL ""
| #define STDC_HEADERS 1
| #define HAVE_SYS_TYPES_H 1
| #define HAVE_SYS_STAT_H 1
| #define HAVE_STDLIB_H 1
| #define HAVE_STRING_H 1
| #define HAVE_MEMORY_H 1
| #define HAVE_STRINGS_H 1
| #define HAVE_INTTYPES_H 1
| #define HAVE_STDINT_H 1
| #define HAVE_UNISTD_H 1
| #define HAVE_PTHREAD 1
| #define HAVE_DECL_STRERROR_R 1
| #define HAVE_STRERROR_R 1
| #define STRERROR_R_CHAR_P 1
| #define HAVE_STDIO_H 1
| #define HAVE_STDLIB_H 1
| #define HAVE_UNISTD_H 1
| #define HAVE_STRINGS_H 1
| #define HAVE_SYS_TYPES_H 1
| #define HAVE_SYS_STAT_H 1
| #define HAVE_MSG_NOSIGNAL 1
| /* end confdefs.h.  */
| 
|       #include <bdb48/db_cxx.h>
| 
| int
| main ()
| {
| 
|       #if !((DB_VERSION_MAJOR == 4 && DB_VERSION_MINOR >= 8) || DB_VERSION_MAJOR > 4)
|         #error "failed to find bdb 4.8+"
|       #endif
| 
|   ;
|   return 0;
| }
configure:9995: g++ -c -g -O2 -Wall -Wextra -Wformat -Wformat-security -Wno-unused-parameter  -Wstack-protector -fstack-protector-all -fPIE  -DBOOST_SPIRIT_THREADSAFE -DHAVE_BUILD_INFO -D__STDC_FORMAT_MACROS  -U_FORTIFY_SOURCE -D_FORTIFY_SOURCE=2 conftest.cpp >&5
conftest.cpp:31:34: fatal error: libdb48/db_cxx.h: No such file or directory
compilation terminated.
configure:9995: $? = 1
configure: failed program was:
| /* confdefs.h */
| #define PACKAGE_NAME "Vikingcoin Core"
| #define PACKAGE_TARNAME "vikingcoin"
| #define PACKAGE_VERSION "0.9.2"
| #define PACKAGE_STRING "Vikingcoin Core 0.9.2"
| #define PACKAGE_BUGREPORT "info@bitcoin.org"
| #define PACKAGE_URL ""
| #define STDC_HEADERS 1
| #define HAVE_SYS_TYPES_H 1
| #define HAVE_SYS_STAT_H 1
| #define HAVE_STDLIB_H 1
| #define HAVE_STRING_H 1
| #define HAVE_MEMORY_H 1
| #define HAVE_STRINGS_H 1
| #define HAVE_INTTYPES_H 1
| #define HAVE_STDINT_H 1
| #define HAVE_UNISTD_H 1
| #define HAVE_PTHREAD 1
| #define HAVE_DECL_STRERROR_R 1
| #define HAVE_STRERROR_R 1
| #define STRERROR_R_CHAR_P 1
| #define HAVE_STDIO_H 1
| #define HAVE_STDLIB_H 1
| #define HAVE_UNISTD_H 1
| #define HAVE_STRINGS_H 1
| #define HAVE_SYS_TYPES_H 1
| #define HAVE_SYS_STAT_H 1
| #define HAVE_MSG_NOSIGNAL 1
| /* end confdefs.h.  */
| 
|       #include <libdb48/db_cxx.h>
| 
| int
| main ()
| {
| 
|       #if !((DB_VERSION_MAJOR == 4 && DB_VERSION_MINOR >= 8) || DB_VERSION_MAJOR > 4)
|         #error "failed to find bdb 4.8+"
|       #endif
| 
|   ;
|   return 0;
| }
configure:9995: g++ -c -g -O2 -Wall -Wextra -Wformat -Wformat-security -Wno-unused-parameter  -Wstack-protector -fstack-protector-all -fPIE  -DBOOST_SPIRIT_THREADSAFE -DHAVE_BUILD_INFO -D__STDC_FORMAT_MACROS  -U_FORTIFY_SOURCE -D_FORTIFY_SOURCE=2 conftest.cpp >&5
conftest.cpp:31:31: fatal error: db48/db_cxx.h: No such file or directory
compilation terminated.
configure:9995: $? = 1
configure: failed program was:
| /* confdefs.h */
| #define PACKAGE_NAME "Vikingcoin Core"
| #define PACKAGE_TARNAME "vikingcoin"
| #define PACKAGE_VERSION "0.9.2"
| #define PACKAGE_STRING "Vikingcoin Core 0.9.2"
| #define PACKAGE_BUGREPORT "info@bitcoin.org"
| #define PACKAGE_URL ""
| #define STDC_HEADERS 1
| #define HAVE_SYS_TYPES_H 1
| #define HAVE_SYS_STAT_H 1
| #define HAVE_STDLIB_H 1
| #define HAVE_STRING_H 1
| #define HAVE_MEMORY_H 1
| #define HAVE_STRINGS_H 1
| #define HAVE_INTTYPES_H 1
| #define HAVE_STDINT_H 1
| #define HAVE_UNISTD_H 1
| #define HAVE_PTHREAD 1
| #define HAVE_DECL_STRERROR_R 1
| #define HAVE_STRERROR_R 1
| #define STRERROR_R_CHAR_P 1
| #define HAVE_STDIO_H 1
| #define HAVE_STDLIB_H 1
| #define HAVE_UNISTD_H 1
| #define HAVE_STRINGS_H 1
| #define HAVE_SYS_TYPES_H 1
| #define HAVE_SYS_STAT_H 1
| #define HAVE_MSG_NOSIGNAL 1
| /* end confdefs.h.  */
| 
|       #include <db48/db_cxx.h>
| 
| int
| main ()
| {
| 
|       #if !((DB_VERSION_MAJOR == 4 && DB_VERSION_MINOR >= 8) || DB_VERSION_MAJOR > 4)
|         #error "failed to find bdb 4.8+"
|       #endif
| 
|   ;
|   return 0;
| }
configure:9995: g++ -c -g -O2 -Wall -Wextra -Wformat -Wformat-security -Wno-unused-parameter  -Wstack-protector -fstack-protector-all -fPIE  -DBOOST_SPIRIT_THREADSAFE -DHAVE_BUILD_INFO -D__STDC_FORMAT_MACROS  -U_FORTIFY_SOURCE -D_FORTIFY_SOURCE=2 conftest.cpp >&5
conftest.cpp:31:31: fatal error: bdb4/db_cxx.h: No such file or directory
compilation terminated.
configure:9995: $? = 1
configure: failed program was:
| /* confdefs.h */
| #define PACKAGE_NAME "Vikingcoin Core"
| #define PACKAGE_TARNAME "vikingcoin"
| #define PACKAGE_VERSION "0.9.2"
| #define PACKAGE_STRING "Vikingcoin Core 0.9.2"
| #define PACKAGE_BUGREPORT "info@bitcoin.org"
| #define PACKAGE_URL ""
| #define STDC_HEADERS 1
| #define HAVE_SYS_TYPES_H 1
| #define HAVE_SYS_STAT_H 1
| #define HAVE_STDLIB_H 1
| #define HAVE_STRING_H 1
| #define HAVE_MEMORY_H 1
| #define HAVE_STRINGS_H 1
| #define HAVE_INTTYPES_H 1
| #define HAVE_STDINT_H 1
| #define HAVE_UNISTD_H 1
| #define HAVE_PTHREAD 1
| #define HAVE_DECL_STRERROR_R 1
| #define HAVE_STRERROR_R 1
| #define STRERROR_R_CHAR_P 1
| #define HAVE_STDIO_H 1
| #define HAVE_STDLIB_H 1
| #define HAVE_UNISTD_H 1
| #define HAVE_STRINGS_H 1
| #define HAVE_SYS_TYPES_H 1
| #define HAVE_SYS_STAT_H 1
| #define HAVE_MSG_NOSIGNAL 1
| /* end confdefs.h.  */
| 
|       #include <bdb4/db_cxx.h>
| 
| int
| main ()
| {
| 
|       #if !((DB_VERSION_MAJOR == 4 && DB_VERSION_MINOR >= 8) || DB_VERSION_MAJOR > 4)
|         #error "failed to find bdb 4.8+"
|       #endif
| 
|   ;
|   return 0;
| }
configure:9995: g++ -c -g -O2 -Wall -Wextra -Wformat -Wformat-security -Wno-unused-parameter  -Wstack-protector -fstack-protector-all -fPIE  -DBOOST_SPIRIT_THREADSAFE -DHAVE_BUILD_INFO -D__STDC_FORMAT_MACROS  -U_FORTIFY_SOURCE -D_FORTIFY_SOURCE=2 conftest.cpp >&5
conftest.cpp:31:33: fatal error: libdb4/db_cxx.h: No such file or directory
compilation terminated.
configure:9995: $? = 1
configure: failed program was:
| /* confdefs.h */
| #define PACKAGE_NAME "Vikingcoin Core"
| #define PACKAGE_TARNAME "vikingcoin"
| #define PACKAGE_VERSION "0.9.2"
| #define PACKAGE_STRING "Vikingcoin Core 0.9.2"
| #define PACKAGE_BUGREPORT "info@bitcoin.org"
| #define PACKAGE_URL ""
| #define STDC_HEADERS 1
| #define HAVE_SYS_TYPES_H 1
| #define HAVE_SYS_STAT_H 1
| #define HAVE_STDLIB_H 1
| #define HAVE_STRING_H 1
| #define HAVE_MEMORY_H 1
| #define HAVE_STRINGS_H 1
| #define HAVE_INTTYPES_H 1
| #define HAVE_STDINT_H 1
| #define HAVE_UNISTD_H 1
| #define HAVE_PTHREAD 1
| #define HAVE_DECL_STRERROR_R 1
| #define HAVE_STRERROR_R 1
| #define STRERROR_R_CHAR_P 1
| #define HAVE_STDIO_H 1
| #define HAVE_STDLIB_H 1
| #define HAVE_UNISTD_H 1
| #define HAVE_STRINGS_H 1
| #define HAVE_SYS_TYPES_H 1
| #define HAVE_SYS_STAT_H 1
| #define HAVE_MSG_NOSIGNAL 1
| /* end confdefs.h.  */
| 
|       #include <libdb4/db_cxx.h>
| 
| int
| main ()
| {
| 
|       #if !((DB_VERSION_MAJOR == 4 && DB_VERSION_MINOR >= 8) || DB_VERSION_MAJOR > 4)
|         #error "failed to find bdb 4.8+"
|       #endif
| 
|   ;
|   return 0;
| }
configure:9995: g++ -c -g -O2 -Wall -Wextra -Wformat -Wformat-security -Wno-unused-parameter  -Wstack-protector -fstack-protector-all -fPIE  -DBOOST_SPIRIT_THREADSAFE -DHAVE_BUILD_INFO -D__STDC_FORMAT_MACROS  -U_FORTIFY_SOURCE -D_FORTIFY_SOURCE=2 conftest.cpp >&5
conftest.cpp:31:30: fatal error: db4/db_cxx.h: No such file or directory
compilation terminated.
configure:9995: $? = 1
configure: failed program was:
| /* confdefs.h */
| #define PACKAGE_NAME "Vikingcoin Core"
| #define PACKAGE_TARNAME "vikingcoin"
| #define PACKAGE_VERSION "0.9.2"
| #define PACKAGE_STRING "Vikingcoin Core 0.9.2"
| #define PACKAGE_BUGREPORT "info@bitcoin.org"
| #define PACKAGE_URL ""
| #define STDC_HEADERS 1
| #define HAVE_SYS_TYPES_H 1
| #define HAVE_SYS_STAT_H 1
| #define HAVE_STDLIB_H 1
| #define HAVE_STRING_H 1
| #define HAVE_MEMORY_H 1
| #define HAVE_STRINGS_H 1
| #define HAVE_INTTYPES_H 1
| #define HAVE_STDINT_H 1
| #define HAVE_UNISTD_H 1
| #define HAVE_PTHREAD 1
| #define HAVE_DECL_STRERROR_R 1
| #define HAVE_STRERROR_R 1
| #define STRERROR_R_CHAR_P 1
| #define HAVE_STDIO_H 1
| #define HAVE_STDLIB_H 1
| #define HAVE_UNISTD_H 1
| #define HAVE_STRINGS_H 1
| #define HAVE_SYS_TYPES_H 1
| #define HAVE_SYS_STAT_H 1
| #define HAVE_MSG_NOSIGNAL 1
| /* end confdefs.h.  */
| 
|       #include <db4/db_cxx.h>
| 
| int
| main ()
| {
| 
|       #if !((DB_VERSION_MAJOR == 4 && DB_VERSION_MINOR >= 8) || DB_VERSION_MAJOR > 4)
|         #error "failed to find bdb 4.8+"
|       #endif
| 
|   ;
|   return 0;
| }
configure:9995: g++ -c -g -O2 -Wall -Wextra -Wformat -Wformat-security -Wno-unused-parameter  -Wstack-protector -fstack-protector-all -fPIE  -DBOOST_SPIRIT_THREADSAFE -DHAVE_BUILD_INFO -D__STDC_FORMAT_MACROS  -U_FORTIFY_SOURCE -D_FORTIFY_SOURCE=2 conftest.cpp >&5
conftest.cpp:31:31: fatal error: bdb5/db_cxx.h: No such file or directory
compilation terminated.
configure:9995: $? = 1
configure: failed program was:
| /* confdefs.h */
| #define PACKAGE_NAME "Vikingcoin Core"
| #define PACKAGE_TARNAME "vikingcoin"
| #define PACKAGE_VERSION "0.9.2"
| #define PACKAGE_STRING "Vikingcoin Core 0.9.2"
| #define PACKAGE_BUGREPORT "info@bitcoin.org"
| #define PACKAGE_URL ""
| #define STDC_HEADERS 1
| #define HAVE_SYS_TYPES_H 1
| #define HAVE_SYS_STAT_H 1
| #define HAVE_STDLIB_H 1
| #define HAVE_STRING_H 1
| #define HAVE_MEMORY_H 1
| #define HAVE_STRINGS_H 1
| #define HAVE_INTTYPES_H 1
| #define HAVE_STDINT_H 1
| #define HAVE_UNISTD_H 1
| #define HAVE_PTHREAD 1
| #define HAVE_DECL_STRERROR_R 1
| #define HAVE_STRERROR_R 1
| #define STRERROR_R_CHAR_P 1
| #define HAVE_STDIO_H 1
| #define HAVE_STDLIB_H 1
| #define HAVE_UNISTD_H 1
| #define HAVE_STRINGS_H 1
| #define HAVE_SYS_TYPES_H 1
| #define HAVE_SYS_STAT_H 1
| #define HAVE_MSG_NOSIGNAL 1
| /* end confdefs.h.  */
| 
|       #include <bdb5/db_cxx.h>
| 
| int
| main ()
| {
| 
|       #if !((DB_VERSION_MAJOR == 4 && DB_VERSION_MINOR >= 8) || DB_VERSION_MAJOR > 4)
|         #error "failed to find bdb 4.8+"
|       #endif
| 
|   ;
|   return 0;
| }
configure:9995: g++ -c -g -O2 -Wall -Wextra -Wformat -Wformat-security -Wno-unused-parameter  -Wstack-protector -fstack-protector-all -fPIE  -DBOOST_SPIRIT_THREADSAFE -DHAVE_BUILD_INFO -D__STDC_FORMAT_MACROS  -U_FORTIFY_SOURCE -D_FORTIFY_SOURCE=2 conftest.cpp >&5
conftest.cpp:31:33: fatal error: libdb5/db_cxx.h: No such file or directory
compilation terminated.
configure:9995: $? = 1
configure: failed program was:
| /* confdefs.h */
| #define PACKAGE_NAME "Vikingcoin Core"
| #define PACKAGE_TARNAME "vikingcoin"
| #define PACKAGE_VERSION "0.9.2"
| #define PACKAGE_STRING "Vikingcoin Core 0.9.2"
| #define PACKAGE_BUGREPORT "info@bitcoin.org"
| #define PACKAGE_URL ""
| #define STDC_HEADERS 1
| #define HAVE_SYS_TYPES_H 1
| #define HAVE_SYS_STAT_H 1
| #define HAVE_STDLIB_H 1
| #define HAVE_STRING_H 1
| #define HAVE_MEMORY_H 1
| #define HAVE_STRINGS_H 1
| #define HAVE_INTTYPES_H 1
| #define HAVE_STDINT_H 1
| #define HAVE_UNISTD_H 1
| #define HAVE_PTHREAD 1
| #define HAVE_DECL_STRERROR_R 1
| #define HAVE_STRERROR_R 1
| #define STRERROR_R_CHAR_P 1
| #define HAVE_STDIO_H 1
| #define HAVE_STDLIB_H 1
| #define HAVE_UNISTD_H 1
| #define HAVE_STRINGS_H 1
| #define HAVE_SYS_TYPES_H 1
| #define HAVE_SYS_STAT_H 1
| #define HAVE_MSG_NOSIGNAL 1
| /* end confdefs.h.  */
| 
|       #include <libdb5/db_cxx.h>
| 
| int
| main ()
| {
| 
|       #if !((DB_VERSION_MAJOR == 4 && DB_VERSION_MINOR >= 8) || DB_VERSION_MAJOR > 4)
|         #error "failed to find bdb 4.8+"
|       #endif
| 
|   ;
|   return 0;
| }
configure:9995: g++ -c -g -O2 -Wall -Wextra -Wformat -Wformat-security -Wno-unused-parameter  -Wstack-protector -fstack-protector-all -fPIE  -DBOOST_SPIRIT_THREADSAFE -DHAVE_BUILD_INFO -D__STDC_FORMAT_MACROS  -U_FORTIFY_SOURCE -D_FORTIFY_SOURCE=2 conftest.cpp >&5
conftest.cpp:31:30: fatal error: db5/db_cxx.h: No such file or directory
compilation terminated.
configure:9995: $? = 1
configure: failed program was:
| /* confdefs.h */
| #define PACKAGE_NAME "Vikingcoin Core"
| #define PACKAGE_TARNAME "vikingcoin"
| #define PACKAGE_VERSION "0.9.2"
| #define PACKAGE_STRING "Vikingcoin Core 0.9.2"
| #define PACKAGE_BUGREPORT "info@bitcoin.org"
| #define PACKAGE_URL ""
| #define STDC_HEADERS 1
| #define HAVE_SYS_TYPES_H 1
| #define HAVE_SYS_STAT_H 1
| #define HAVE_STDLIB_H 1
| #define HAVE_STRING_H 1
| #define HAVE_MEMORY_H 1
| #define HAVE_STRINGS_H 1
| #define HAVE_INTTYPES_H 1
| #define HAVE_STDINT_H 1
| #define HAVE_UNISTD_H 1
| #define HAVE_PTHREAD 1
| #define HAVE_DECL_STRERROR_R 1
| #define HAVE_STRERROR_R 1
| #define STRERROR_R_CHAR_P 1
| #define HAVE_STDIO_H 1
| #define HAVE_STDLIB_H 1
| #define HAVE_UNISTD_H 1
| #define HAVE_STRINGS_H 1
| #define HAVE_SYS_TYPES_H 1
| #define HAVE_SYS_STAT_H 1
| #define HAVE_MSG_NOSIGNAL 1
| /* end confdefs.h.  */
| 
|       #include <db5/db_cxx.h>
| 
| int
| main ()
| {
| 
|       #if !((DB_VERSION_MAJOR == 4 && DB_VERSION_MINOR >= 8) || DB_VERSION_MAJOR > 4)
|         #error "failed to find bdb 4.8+"
|       #endif
| 
|   ;
|   return 0;
| }
configure:9995: g++ -c -g -O2 -Wall -Wextra -Wformat -Wformat-security -Wno-unused-parameter  -Wstack-protector -fstack-protector-all -fPIE  -DBOOST_SPIRIT_THREADSAFE -DHAVE_BUILD_INFO -D__STDC_FORMAT_MACROS  -U_FORTIFY_SOURCE -D_FORTIFY_SOURCE=2 conftest.cpp >&5
conftest.cpp:31:30: fatal error: bdb/db_cxx.h: No such file or directory
compilation terminated.
configure:9995: $? = 1
configure: failed program was:
| /* confdefs.h */
| #define PACKAGE_NAME "Vikingcoin Core"
| #define PACKAGE_TARNAME "vikingcoin"
| #define PACKAGE_VERSION "0.9.2"
| #define PACKAGE_STRING "Vikingcoin Core 0.9.2"
| #define PACKAGE_BUGREPORT "info@bitcoin.org"
| #define PACKAGE_URL ""
| #define STDC_HEADERS 1
| #define HAVE_SYS_TYPES_H 1
| #define HAVE_SYS_STAT_H 1
| #define HAVE_STDLIB_H 1
| #define HAVE_STRING_H 1
| #define HAVE_MEMORY_H 1
| #define HAVE_STRINGS_H 1
| #define HAVE_INTTYPES_H 1
| #define HAVE_STDINT_H 1
| #define HAVE_UNISTD_H 1
| #define HAVE_PTHREAD 1
| #define HAVE_DECL_STRERROR_R 1
| #define HAVE_STRERROR_R 1
| #define STRERROR_R_CHAR_P 1
| #define HAVE_STDIO_H 1
| #define HAVE_STDLIB_H 1
| #define HAVE_UNISTD_H 1
| #define HAVE_STRINGS_H 1
| #define HAVE_SYS_TYPES_H 1
| #define HAVE_SYS_STAT_H 1
| #define HAVE_MSG_NOSIGNAL 1
| /* end confdefs.h.  */
| 
|       #include <bdb/db_cxx.h>
| 
| int
| main ()
| {
| 
|       #if !((DB_VERSION_MAJOR == 4 && DB_VERSION_MINOR >= 8) || DB_VERSION_MAJOR > 4)
|         #error "failed to find bdb 4.8+"
|       #endif
| 
|   ;
|   return 0;
| }
configure:9995: g++ -c -g -O2 -Wall -Wextra -Wformat -Wformat-security -Wno-unused-parameter  -Wstack-protector -fstack-protector-all -fPIE  -DBOOST_SPIRIT_THREADSAFE -DHAVE_BUILD_INFO -D__STDC_FORMAT_MACROS  -U_FORTIFY_SOURCE -D_FORTIFY_SOURCE=2 conftest.cpp >&5
conftest.cpp:31:32: fatal error: libdb/db_cxx.h: No such file or directory
compilation terminated.
configure:9995: $? = 1
configure: failed program was:
| /* confdefs.h */
| #define PACKAGE_NAME "Vikingcoin Core"
| #define PACKAGE_TARNAME "vikingcoin"
| #define PACKAGE_VERSION "0.9.2"
| #define PACKAGE_STRING "Vikingcoin Core 0.9.2"
| #define PACKAGE_BUGREPORT "info@bitcoin.org"
| #define PACKAGE_URL ""
| #define STDC_HEADERS 1
| #define HAVE_SYS_TYPES_H 1
| #define HAVE_SYS_STAT_H 1
| #define HAVE_STDLIB_H 1
| #define HAVE_STRING_H 1
| #define HAVE_MEMORY_H 1
| #define HAVE_STRINGS_H 1
| #define HAVE_INTTYPES_H 1
| #define HAVE_STDINT_H 1
| #define HAVE_UNISTD_H 1
| #define HAVE_PTHREAD 1
| #define HAVE_DECL_STRERROR_R 1
| #define HAVE_STRERROR_R 1
| #define STRERROR_R_CHAR_P 1
| #define HAVE_STDIO_H 1
| #define HAVE_STDLIB_H 1
| #define HAVE_UNISTD_H 1
| #define HAVE_STRINGS_H 1
| #define HAVE_SYS_TYPES_H 1
| #define HAVE_SYS_STAT_H 1
| #define HAVE_MSG_NOSIGNAL 1
| /* end confdefs.h.  */
| 
|       #include <libdb/db_cxx.h>
| 
| int
| main ()
| {
| 
|       #if !((DB_VERSION_MAJOR == 4 && DB_VERSION_MINOR >= 8) || DB_VERSION_MAJOR > 4)
|         #error "failed to find bdb 4.8+"
|       #endif
| 
|   ;
|   return 0;
| }
configure:9995: g++ -c -g -O2 -Wall -Wextra -Wformat -Wformat-security -Wno-unused-parameter  -Wstack-protector -fstack-protector-all -fPIE  -DBOOST_SPIRIT_THREADSAFE -DHAVE_BUILD_INFO -D__STDC_FORMAT_MACROS  -U_FORTIFY_SOURCE -D_FORTIFY_SOURCE=2 conftest.cpp >&5
conftest.cpp:31:29: fatal error: db/db_cxx.h: No such file or directory
compilation terminated.
configure:9995: $? = 1
configure: failed program was:
| /* confdefs.h */
| #define PACKAGE_NAME "Vikingcoin Core"
| #define PACKAGE_TARNAME "vikingcoin"
| #define PACKAGE_VERSION "0.9.2"
| #define PACKAGE_STRING "Vikingcoin Core 0.9.2"
| #define PACKAGE_BUGREPORT "info@bitcoin.org"
| #define PACKAGE_URL ""
| #define STDC_HEADERS 1
| #define HAVE_SYS_TYPES_H 1
| #define HAVE_SYS_STAT_H 1
| #define HAVE_STDLIB_H 1
| #define HAVE_STRING_H 1
| #define HAVE_MEMORY_H 1
| #define HAVE_STRINGS_H 1
| #define HAVE_INTTYPES_H 1
| #define HAVE_STDINT_H 1
| #define HAVE_UNISTD_H 1
| #define HAVE_PTHREAD 1
| #define HAVE_DECL_STRERROR_R 1
| #define HAVE_STRERROR_R 1
| #define STRERROR_R_CHAR_P 1
| #define HAVE_STDIO_H 1
| #define HAVE_STDLIB_H 1
| #define HAVE_UNISTD_H 1
| #define HAVE_STRINGS_H 1
| #define HAVE_SYS_TYPES_H 1
| #define HAVE_SYS_STAT_H 1
| #define HAVE_MSG_NOSIGNAL 1
| /* end confdefs.h.  */
| 
|       #include <db/db_cxx.h>
| 
| int
| main ()
| {
| 
|       #if !((DB_VERSION_MAJOR == 4 && DB_VERSION_MINOR >= 8) || DB_VERSION_MAJOR > 4)
|         #error "failed to find bdb 4.8+"
|       #endif
| 
|   ;
|   return 0;
| }
configure:9995: g++ -c -g -O2 -Wall -Wextra -Wformat -Wformat-security -Wno-unused-parameter  -Wstack-protector -fstack-protector-all -fPIE  -DBOOST_SPIRIT_THREADSAFE -DHAVE_BUILD_INFO -D__STDC_FORMAT_MACROS  -U_FORTIFY_SOURCE -D_FORTIFY_SOURCE=2 conftest.cpp >&5
configure:9995: $? = 0
configure:10024: g++ -c -g -O2 -Wall -Wextra -Wformat -Wformat-security -Wno-unused-parameter  -Wstack-protector -fstack-protector-all -fPIE  -DBOOST_SPIRIT_THREADSAFE -DHAVE_BUILD_INFO -D__STDC_FORMAT_MACROS  -U_FORTIFY_SOURCE -D_FORTIFY_SOURCE=2 conftest.cpp >&5
configure:10024: $? = 0
configure:10067: result: default
configure:10086: checking for main in -ldb_cxx-4.8
configure:10105: g++ -o conftest -g -O2 -Wall -Wextra -Wformat -Wformat-security -Wno-unused-parameter  -Wstack-protector -fstack-protector-all -fPIE  -DBOOST_SPIRIT_THREADSAFE -DHAVE_BUILD_INFO -D__STDC_FORMAT_MACROS  -U_FORTIFY_SOURCE -D_FORTIFY_SOURCE=2   -Wl,-z,relro -Wl,-z,now -pie conftest.cpp -ldb_cxx-4.8   >&5
configure:10105: $? = 0
configure:10115: result: yes
configure:10136: checking miniupnpc/miniwget.h usability
configure:10136: g++ -c -g -O2 -Wall -Wextra -Wformat -Wformat-security -Wno-unused-parameter  -Wstack-protector -fstack-protector-all -fPIE  -DBOOST_SPIRIT_THREADSAFE -DHAVE_BUILD_INFO -D__STDC_FORMAT_MACROS  -U_FORTIFY_SOURCE -D_FORTIFY_SOURCE=2 conftest.cpp >&5
configure:10136: $? = 0
configure:10136: result: yes
configure:10136: checking miniupnpc/miniwget.h presence
configure:10136: g++ -E  -DBOOST_SPIRIT_THREADSAFE -DHAVE_BUILD_INFO -D__STDC_FORMAT_MACROS  -U_FORTIFY_SOURCE -D_FORTIFY_SOURCE=2 conftest.cpp
configure:10136: $? = 0
configure:10136: result: yes
configure:10136: checking for miniupnpc/miniwget.h
configure:10136: result: yes
configure:10141: checking for main in -lminiupnpc
configure:10160: g++ -o conftest -g -O2 -Wall -Wextra -Wformat -Wformat-security -Wno-unused-parameter  -Wstack-protector -fstack-protector-all -fPIE  -DBOOST_SPIRIT_THREADSAFE -DHAVE_BUILD_INFO -D__STDC_FORMAT_MACROS  -U_FORTIFY_SOURCE -D_FORTIFY_SOURCE=2   -Wl,-z,relro -Wl,-z,now -pie conftest.cpp -lminiupnpc   >&5
configure:10160: $? = 0
configure:10169: result: yes
configure:10136: checking miniupnpc/miniupnpc.h usability
configure:10136: g++ -c -g -O2 -Wall -Wextra -Wformat -Wformat-security -Wno-unused-parameter  -Wstack-protector -fstack-protector-all -fPIE  -DBOOST_SPIRIT_THREADSAFE -DHAVE_BUILD_INFO -D__STDC_FORMAT_MACROS  -U_FORTIFY_SOURCE -D_FORTIFY_SOURCE=2 conftest.cpp >&5
configure:10136: $? = 0
configure:10136: result: yes
configure:10136: checking miniupnpc/miniupnpc.h presence
configure:10136: g++ -E  -DBOOST_SPIRIT_THREADSAFE -DHAVE_BUILD_INFO -D__STDC_FORMAT_MACROS  -U_FORTIFY_SOURCE -D_FORTIFY_SOURCE=2 conftest.cpp
configure:10136: $? = 0
configure:10136: result: yes
configure:10136: checking for miniupnpc/miniupnpc.h
configure:10136: result: yes
configure:10141: checking for main in -lminiupnpc
configure:10169: result: yes
configure:10136: checking miniupnpc/upnpcommands.h usability
configure:10136: g++ -c -g -O2 -Wall -Wextra -Wformat -Wformat-security -Wno-unused-parameter  -Wstack-protector -fstack-protector-all -fPIE  -DBOOST_SPIRIT_THREADSAFE -DHAVE_BUILD_INFO -D__STDC_FORMAT_MACROS  -U_FORTIFY_SOURCE -D_FORTIFY_SOURCE=2 conftest.cpp >&5
configure:10136: $? = 0
configure:10136: result: yes
configure:10136: checking miniupnpc/upnpcommands.h presence
configure:10136: g++ -E  -DBOOST_SPIRIT_THREADSAFE -DHAVE_BUILD_INFO -D__STDC_FORMAT_MACROS  -U_FORTIFY_SOURCE -D_FORTIFY_SOURCE=2 conftest.cpp
configure:10136: $? = 0
configure:10136: result: yes
configure:10136: checking for miniupnpc/upnpcommands.h
configure:10136: result: yes
configure:10141: checking for main in -lminiupnpc
configure:10169: result: yes
configure:10136: checking miniupnpc/upnperrors.h usability
configure:10136: g++ -c -g -O2 -Wall -Wextra -Wformat -Wformat-security -Wno-unused-parameter  -Wstack-protector -fstack-protector-all -fPIE  -DBOOST_SPIRIT_THREADSAFE -DHAVE_BUILD_INFO -D__STDC_FORMAT_MACROS  -U_FORTIFY_SOURCE -D_FORTIFY_SOURCE=2 conftest.cpp >&5
configure:10136: $? = 0
configure:10136: result: yes
configure:10136: checking miniupnpc/upnperrors.h presence
configure:10136: g++ -E  -DBOOST_SPIRIT_THREADSAFE -DHAVE_BUILD_INFO -D__STDC_FORMAT_MACROS  -U_FORTIFY_SOURCE -D_FORTIFY_SOURCE=2 conftest.cpp
configure:10136: $? = 0
configure:10136: result: yes
configure:10136: checking for miniupnpc/upnperrors.h
configure:10136: result: yes
configure:10141: checking for main in -lminiupnpc
configure:10169: result: yes
configure:10239: checking for boostlib >= 1.20.0
configure:10322: g++ -c -g -O2 -Wall -Wextra -Wformat -Wformat-security -Wno-unused-parameter  -Wstack-protector -fstack-protector-all -fPIE  -DBOOST_SPIRIT_THREADSAFE -DHAVE_BUILD_INFO -D__STDC_FORMAT_MACROS  -U_FORTIFY_SOURCE -D_FORTIFY_SOURCE=2 -I/usr/include conftest.cpp >&5
configure:10322: $? = 0
configure:10324: result: yes
configure:10508: checking whether the Boost::System library is available
configure:10532: g++ -c -g -O2 -Wall -Wextra -Wformat -Wformat-security -Wno-unused-parameter  -Wstack-protector -fstack-protector-all -fPIE  -DBOOST_SPIRIT_THREADSAFE -DHAVE_BUILD_INFO -D__STDC_FORMAT_MACROS  -U_FORTIFY_SOURCE -D_FORTIFY_SOURCE=2 -I/usr/include conftest.cpp >&5
conftest.cpp: In function 'int main()':
conftest.cpp:44:3: warning: statement is a reference, not call, to function 'boost::system::system_category' [-Waddress]
conftest.cpp:44:3: warning: statement has no effect [-Wunused-value]
configure:10532: $? = 0
configure:10547: result: yes
configure:10563: checking for exit in -lboost_system
configure:10588: g++ -o conftest -g -O2 -Wall -Wextra -Wformat -Wformat-security -Wno-unused-parameter  -Wstack-protector -fstack-protector-all -fPIE  -DBOOST_SPIRIT_THREADSAFE -DHAVE_BUILD_INFO -D__STDC_FORMAT_MACROS  -U_FORTIFY_SOURCE -D_FORTIFY_SOURCE=2 -I/usr/include   -Wl,-z,relro -Wl,-z,now -pie -L/usr/lib conftest.cpp -lboost_system  -lminiupnpc -lminiupnpc -lminiupnpc -lminiupnpc  >&5
configure:10588: $? = 0
configure:10598: result: yes
configure:10753: checking whether the Boost::Filesystem library is available
configure:10777: g++ -c -g -O2 -Wall -Wextra -Wformat -Wformat-security -Wno-unused-parameter  -Wstack-protector -fstack-protector-all -fPIE  -DBOOST_SPIRIT_THREADSAFE -DHAVE_BUILD_INFO -D__STDC_FORMAT_MACROS  -U_FORTIFY_SOURCE -D_FORTIFY_SOURCE=2 -I/usr/include conftest.cpp >&5
configure:10777: $? = 0
configure:10791: result: yes
configure:10803: checking for exit in -lboost_filesystem
configure:10828: g++ -o conftest -g -O2 -Wall -Wextra -Wformat -Wformat-security -Wno-unused-parameter  -Wstack-protector -fstack-protector-all -fPIE  -DBOOST_SPIRIT_THREADSAFE -DHAVE_BUILD_INFO -D__STDC_FORMAT_MACROS  -U_FORTIFY_SOURCE -D_FORTIFY_SOURCE=2 -I/usr/include   -Wl,-z,relro -Wl,-z,now -pie -L/usr/lib conftest.cpp -lboost_filesystem  -lminiupnpc -lminiupnpc -lminiupnpc -lminiupnpc  -lboost_system >&5
configure:10828: $? = 0
configure:10838: result: yes
configure:10988: checking whether the Boost::Program_Options library is available
configure:11012: g++ -c -g -O2 -Wall -Wextra -Wformat -Wformat-security -Wno-unused-parameter  -Wstack-protector -fstack-protector-all -fPIE  -DBOOST_SPIRIT_THREADSAFE -DHAVE_BUILD_INFO -D__STDC_FORMAT_MACROS  -U_FORTIFY_SOURCE -D_FORTIFY_SOURCE=2 -I/usr/include conftest.cpp >&5
configure:11012: $? = 0
configure:11026: result: yes
configure:11038: checking for exit in -lboost_program_options-mt
configure:11063: g++ -o conftest -g -O2 -Wall -Wextra -Wformat -Wformat-security -Wno-unused-parameter  -Wstack-protector -fstack-protector-all -fPIE  -DBOOST_SPIRIT_THREADSAFE -DHAVE_BUILD_INFO -D__STDC_FORMAT_MACROS  -U_FORTIFY_SOURCE -D_FORTIFY_SOURCE=2 -I/usr/include   -Wl,-z,relro -Wl,-z,now -pie -L/usr/lib conftest.cpp -lboost_program_options-mt  -lminiupnpc -lminiupnpc -lminiupnpc -lminiupnpc  >&5
configure:11063: $? = 0
configure:11073: result: yes
configure:11216: checking whether the Boost::Thread library is available
configure:11248: g++ -c -pthread -g -O2 -Wall -Wextra -Wformat -Wformat-security -Wno-unused-parameter  -Wstack-protector -fstack-protector-all -fPIE  -DBOOST_SPIRIT_THREADSAFE -DHAVE_BUILD_INFO -D__STDC_FORMAT_MACROS  -U_FORTIFY_SOURCE -D_FORTIFY_SOURCE=2 -I/usr/include conftest.cpp >&5
configure:11248: $? = 0
configure:11263: result: yes
configure:11293: checking for exit in -lboost_thread
configure:11318: g++ -o conftest -g -O2 -Wall -Wextra -Wformat -Wformat-security -Wno-unused-parameter  -Wstack-protector -fstack-protector-all -fPIE  -DBOOST_SPIRIT_THREADSAFE -DHAVE_BUILD_INFO -D__STDC_FORMAT_MACROS  -U_FORTIFY_SOURCE -D_FORTIFY_SOURCE=2 -I/usr/include   -Wl,-z,relro -Wl,-z,now -pie -L/usr/lib conftest.cpp -lboost_thread  -lminiupnpc -lminiupnpc -lminiupnpc -lminiupnpc  >&5
configure:11318: $? = 0
configure:11328: result: yes
configure:11488: checking whether the Boost::Chrono library is available
configure:11512: g++ -c -g -O2 -Wall -Wextra -Wformat -Wformat-security -Wno-unused-parameter  -Wstack-protector -fstack-protector-all -fPIE  -DBOOST_SPIRIT_THREADSAFE -DHAVE_BUILD_INFO -D__STDC_FORMAT_MACROS  -U_FORTIFY_SOURCE -D_FORTIFY_SOURCE=2 -pthread -I/usr/include conftest.cpp >&5
configure:11512: $? = 0
configure:11527: result: yes
configure:11543: checking for exit in -lboost_chrono-mt
configure:11568: g++ -o conftest -g -O2 -Wall -Wextra -Wformat -Wformat-security -Wno-unused-parameter  -Wstack-protector -fstack-protector-all -fPIE  -DBOOST_SPIRIT_THREADSAFE -DHAVE_BUILD_INFO -D__STDC_FORMAT_MACROS  -U_FORTIFY_SOURCE -D_FORTIFY_SOURCE=2 -pthread -I/usr/include   -Wl,-z,relro -Wl,-z,now -pie -L/usr/lib conftest.cpp -lboost_chrono-mt  -lminiupnpc -lminiupnpc -lminiupnpc -lminiupnpc  >&5
configure:11568: $? = 0
configure:11578: result: yes
configure:11737: checking whether the Boost::Unit_Test_Framework library is available
configure:11760: g++ -c -g -O2 -Wall -Wextra -Wformat -Wformat-security -Wno-unused-parameter  -Wstack-protector -fstack-protector-all -fPIE  -DBOOST_SPIRIT_THREADSAFE -DHAVE_BUILD_INFO -D__STDC_FORMAT_MACROS  -U_FORTIFY_SOURCE -D_FORTIFY_SOURCE=2 -pthread -I/usr/include conftest.cpp >&5
conftest.cpp: In function 'int main()':
conftest.cpp:49:21: warning: unused variable 'test' [-Wunused-variable]
configure:11760: $? = 0
configure:11774: result: yes
configure:11886: checking for dynamic linked boost test
configure:11901: g++ -o conftest -g -O2 -Wall -Wextra -Wformat -Wformat-security -Wno-unused-parameter  -Wstack-protector -fstack-protector-all -fPIE  -DBOOST_SPIRIT_THREADSAFE -DHAVE_BUILD_INFO -D__STDC_FORMAT_MACROS  -U_FORTIFY_SOURCE -D_FORTIFY_SOURCE=2 -pthread -I/usr/include   -Wl,-z,relro -Wl,-z,now -pie conftest.cpp -lminiupnpc -lminiupnpc -lminiupnpc -lminiupnpc  -lboost_unit_test_framework-mt >&5
configure:11901: $? = 0
configure:11902: result: yes
configure:11945: g++ -o conftest -g -O2 -Wall -Wextra -Wformat -Wformat-security -Wno-unused-parameter  -Wstack-protector -fstack-protector-all -fPIE  -DBOOST_SPIRIT_THREADSAFE -DHAVE_BUILD_INFO -D__STDC_FORMAT_MACROS  -U_FORTIFY_SOURCE -D_FORTIFY_SOURCE=2 -pthread -I/usr/include   -Wl,-z,relro -Wl,-z,now -pie conftest.cpp -lminiupnpc -lminiupnpc -lminiupnpc -lminiupnpc  -L/usr/lib -lboost_system -lboost_filesystem -lboost_program_options-mt -lboost_thread -lboost_chrono-mt  >&5
conftest.cpp: In function 'int main()':
conftest.cpp:56:4: error: 'choke' was not declared in this scope
conftest.cpp:56:10: error: expected ';' before 'me'
configure:11945: $? = 1
configure: failed program was:
| /* confdefs.h */
| #define PACKAGE_NAME "Vikingcoin Core"
| #define PACKAGE_TARNAME "vikingcoin"
| #define PACKAGE_VERSION "0.9.2"
| #define PACKAGE_STRING "Vikingcoin Core 0.9.2"
| #define PACKAGE_BUGREPORT "info@bitcoin.org"
| #define PACKAGE_URL ""
| #define STDC_HEADERS 1
| #define HAVE_SYS_TYPES_H 1
| #define HAVE_SYS_STAT_H 1
| #define HAVE_STDLIB_H 1
| #define HAVE_STRING_H 1
| #define HAVE_MEMORY_H 1
| #define HAVE_STRINGS_H 1
| #define HAVE_INTTYPES_H 1
| #define HAVE_STDINT_H 1
| #define HAVE_UNISTD_H 1
| #define HAVE_PTHREAD 1
| #define HAVE_DECL_STRERROR_R 1
| #define HAVE_STRERROR_R 1
| #define STRERROR_R_CHAR_P 1
| #define HAVE_STDIO_H 1
| #define HAVE_STDLIB_H 1
| #define HAVE_UNISTD_H 1
| #define HAVE_STRINGS_H 1
| #define HAVE_SYS_TYPES_H 1
| #define HAVE_SYS_STAT_H 1
| #define HAVE_MSG_NOSIGNAL 1
| #define HAVE_MINIUPNPC_MINIWGET_H 1
| #define HAVE_LIBMINIUPNPC 1
| #define HAVE_MINIUPNPC_MINIUPNPC_H 1
| #define HAVE_LIBMINIUPNPC 1
| #define HAVE_MINIUPNPC_UPNPCOMMANDS_H 1
| #define HAVE_LIBMINIUPNPC 1
| #define HAVE_MINIUPNPC_UPNPERRORS_H 1
| #define HAVE_LIBMINIUPNPC 1
| #define HAVE_BOOST /**/
| #define HAVE_BOOST_SYSTEM /**/
| #define HAVE_BOOST_FILESYSTEM /**/
| #define HAVE_BOOST_PROGRAM_OPTIONS /**/
| #define HAVE_BOOST_THREAD /**/
| #define HAVE_BOOST_CHRONO /**/
| #define HAVE_BOOST_UNIT_TEST_FRAMEWORK /**/
| /* end confdefs.h.  */
| 
|   #include <boost/thread/thread.hpp>
|   #include <boost/version.hpp>
| 
| int
| main ()
| {
| 
|   #if BOOST_VERSION >= 105000 && (!defined(BOOST_HAS_NANOSLEEP) || BOOST_VERSION >= 105200)
|       boost::this_thread::sleep_for(boost::chrono::milliseconds(0));
|   #else
|    choke me
|   #endif
| 
|   ;
|   return 0;
| }
configure:11985: g++ -o conftest -g -O2 -Wall -Wextra -Wformat -Wformat-security -Wno-unused-parameter  -Wstack-protector -fstack-protector-all -fPIE  -DBOOST_SPIRIT_THREADSAFE -DHAVE_BUILD_INFO -D__STDC_FORMAT_MACROS  -U_FORTIFY_SOURCE -D_FORTIFY_SOURCE=2 -pthread -I/usr/include   -Wl,-z,relro -Wl,-z,now -pie conftest.cpp -lminiupnpc -lminiupnpc -lminiupnpc -lminiupnpc  -L/usr/lib -lboost_system -lboost_filesystem -lboost_program_options-mt -lboost_thread >&5
configure:11985: $? = 0
configure:12081: checking for SSL
configure:12088: $PKG_CONFIG --exists --print-errors "libssl"
configure:12091: $? = 0
configure:12105: $PKG_CONFIG --exists --print-errors "libssl"
configure:12108: $? = 0
configure:12146: result: yes
configure:12152: checking for CRYPTO
configure:12159: $PKG_CONFIG --exists --print-errors "libcrypto"
configure:12162: $? = 0
configure:12176: $PKG_CONFIG --exists --print-errors "libcrypto"
configure:12179: $? = 0
configure:12217: result: yes
configure:12226: checking for PROTOBUF
configure:12233: $PKG_CONFIG --exists --print-errors "protobuf"
configure:12236: $? = 0
configure:12250: $PKG_CONFIG --exists --print-errors "protobuf"
configure:12253: $? = 0
configure:12311: result: yes
configure:12326: checking for QR
configure:12333: $PKG_CONFIG --exists --print-errors "libqrencode"
configure:12336: $? = 0
configure:12350: $PKG_CONFIG --exists --print-errors "libqrencode"
configure:12353: $? = 0
configure:12391: result: yes
configure:12690: checking for protoc
configure:12708: found /usr/bin/protoc
configure:12720: result: /usr/bin/protoc
configure:12753: checking whether to build vikingcoind
configure:12763: result: yes
configure:12766: checking whether to build vikingcoin-cli
configure:12776: result: yes
configure:12887: checking for QT
configure:12894: $PKG_CONFIG --exists --print-errors "$qt4_modules"
configure:12897: $? = 0
configure:12911: $PKG_CONFIG --exists --print-errors "$qt4_modules"
configure:12914: $? = 0
configure:12952: result: yes
configure:13131: checking for QT_TEST
configure:13138: $PKG_CONFIG --exists --print-errors "${QT_LIB_PREFIX}Test"
configure:13141: $? = 0
configure:13155: $PKG_CONFIG --exists --print-errors "${QT_LIB_PREFIX}Test"
configure:13158: $? = 0
configure:13196: result: yes
configure:13203: checking for QT_DBUS
configure:13210: $PKG_CONFIG --exists --print-errors "${QT_LIB_PREFIX}DBus"
configure:13213: $? = 0
configure:13227: $PKG_CONFIG --exists --print-errors "${QT_LIB_PREFIX}DBus"
configure:13230: $? = 0
configure:13268: result: yes
configure:14268: checking for moc-qt4
configure:14286: found /usr/bin/moc-qt4
configure:14298: result: /usr/bin/moc-qt4
configure:14386: checking for uic-qt4
configure:14404: found /usr/bin/uic-qt4
configure:14416: result: /usr/bin/uic-qt4
configure:14504: checking for rcc-qt4
configure:14537: result: no
configure:14504: checking for rcc4
configure:14537: result: no
configure:14504: checking for rcc
configure:14522: found /usr/bin/rcc
configure:14534: result: /usr/bin/rcc
configure:14622: checking for lrelease-qt4
configure:14640: found /usr/bin/lrelease-qt4
configure:14652: result: /usr/bin/lrelease-qt4
configure:14740: checking for lupdate-qt4
configure:14758: found /usr/bin/lupdate-qt4
configure:14770: result: /usr/bin/lupdate-qt4
configure:14908: checking whether to build Vikingcoin Core GUI
configure:14938: result: yes (Qt4)
configure:14961: checking if ccache should be used
configure:14974: result: no
configure:14978: checking if wallet should be enabled
configure:14981: result: yes
configure:14994: checking whether to build with support for UPnP
configure:15004: result: yes
configure:15006: checking whether to build with UPnP enabled by default
configure:15014: result: no
configure:15032: checking whether to build GUI with support for D-Bus
configure:15039: result: yes
configure:15042: checking whether to build GUI with support for QR codes
configure:15052: result: yes
configure:15065: WARNING: "xgettext is required to update qt translations"
configure:15069: checking whether to build test_vikingcoin-qt
configure:15072: result: yes
configure:15081: checking whether to build test_vikingcoin
configure:15084: result: yes
configure:15407: creating ./config.status

## ---------------- ##
## Cache variables. ##
## ---------------- ##

ac_cv_build=x86_64-unknown-linux-gnu
ac_cv_c_bigendian=no
ac_cv_c_compiler_gnu=yes
ac_cv_cxx_compiler_gnu=yes
ac_cv_env_CCC_set=
ac_cv_env_CCC_value=
ac_cv_env_CC_set=
ac_cv_env_CC_value=
ac_cv_env_CFLAGS_set=
ac_cv_env_CFLAGS_value=
ac_cv_env_CPPFLAGS_set=
ac_cv_env_CPPFLAGS_value=
ac_cv_env_CPP_set=
ac_cv_env_CPP_value=
ac_cv_env_CRYPTO_CFLAGS_set=
ac_cv_env_CRYPTO_CFLAGS_value=
ac_cv_env_CRYPTO_LIBS_set=
ac_cv_env_CRYPTO_LIBS_value=
ac_cv_env_CXXCPP_set=
ac_cv_env_CXXCPP_value=
ac_cv_env_CXXFLAGS_set=
ac_cv_env_CXXFLAGS_value=
ac_cv_env_CXX_set=
ac_cv_env_CXX_value=
ac_cv_env_LDFLAGS_set=
ac_cv_env_LDFLAGS_value=
ac_cv_env_LIBS_set=
ac_cv_env_LIBS_value=
ac_cv_env_OBJCFLAGS_set=
ac_cv_env_OBJCFLAGS_value=
ac_cv_env_OBJCXXFLAGS_set=
ac_cv_env_OBJCXXFLAGS_value=
ac_cv_env_OBJCXX_set=
ac_cv_env_OBJCXX_value=
ac_cv_env_OBJC_set=
ac_cv_env_OBJC_value=
ac_cv_env_PKG_CONFIG_LIBDIR_set=
ac_cv_env_PKG_CONFIG_LIBDIR_value=
ac_cv_env_PKG_CONFIG_PATH_set=
ac_cv_env_PKG_CONFIG_PATH_value=
ac_cv_env_PKG_CONFIG_set=
ac_cv_env_PKG_CONFIG_value=
ac_cv_env_PROTOBUF_CFLAGS_set=
ac_cv_env_PROTOBUF_CFLAGS_value=
ac_cv_env_PROTOBUF_LIBS_set=
ac_cv_env_PROTOBUF_LIBS_value=
ac_cv_env_QR_CFLAGS_set=
ac_cv_env_QR_CFLAGS_value=
ac_cv_env_QR_LIBS_set=
ac_cv_env_QR_LIBS_value=
ac_cv_env_QT_CFLAGS_set=
ac_cv_env_QT_CFLAGS_value=
ac_cv_env_QT_DBUS_CFLAGS_set=
ac_cv_env_QT_DBUS_CFLAGS_value=
ac_cv_env_QT_DBUS_LIBS_set=
ac_cv_env_QT_DBUS_LIBS_value=
ac_cv_env_QT_LIBS_set=
ac_cv_env_QT_LIBS_value=
ac_cv_env_QT_TEST_CFLAGS_set=
ac_cv_env_QT_TEST_CFLAGS_value=
ac_cv_env_QT_TEST_LIBS_set=
ac_cv_env_QT_TEST_LIBS_value=
ac_cv_env_SSL_CFLAGS_set=
ac_cv_env_SSL_CFLAGS_value=
ac_cv_env_SSL_LIBS_set=
ac_cv_env_SSL_LIBS_value=
ac_cv_env_build_alias_set=
ac_cv_env_build_alias_value=
ac_cv_env_host_alias_set=
ac_cv_env_host_alias_value=
ac_cv_env_target_alias_set=
ac_cv_env_target_alias_value=
ac_cv_func_strerror_r=yes
ac_cv_func_strerror_r_char_p=yes
ac_cv_have_decl_strerror_r=yes
ac_cv_header_inttypes_h=yes
ac_cv_header_memory_h=yes
ac_cv_header_miniupnpc_miniupnpc_h=yes
ac_cv_header_miniupnpc_miniwget_h=yes
ac_cv_header_miniupnpc_upnpcommands_h=yes
ac_cv_header_miniupnpc_upnperrors_h=yes
ac_cv_header_stdc=yes
ac_cv_header_stdint_h=yes
ac_cv_header_stdio_h=yes
ac_cv_header_stdlib_h=yes
ac_cv_header_string_h=yes
ac_cv_header_strings_h=yes
ac_cv_header_sys_stat_h=yes
ac_cv_header_sys_types_h=yes
ac_cv_header_unistd_h=yes
ac_cv_host=x86_64-unknown-linux-gnu
ac_cv_lib_boost_chrono_mt___exit=yes
ac_cv_lib_boost_filesystem___exit=yes
ac_cv_lib_boost_program_options_mt___exit=yes
ac_cv_lib_boost_system___exit=yes
ac_cv_lib_boost_thread___exit=yes
ac_cv_lib_db_cxx_4_8___main=yes
ac_cv_lib_miniupnpc_main=yes
ac_cv_objc_compiler_gnu=no
ac_cv_objcxx_compiler_gnu=no
ac_cv_objext=o
ac_cv_path_EGREP='/bin/grep -E'
ac_cv_path_GIT=/usr/bin/git
ac_cv_path_GREP=/bin/grep
ac_cv_path_HEXDUMP=/usr/bin/hexdump
ac_cv_path_LRELEASE=/usr/bin/lrelease-qt4
ac_cv_path_LUPDATE=/usr/bin/lupdate-qt4
ac_cv_path_MOC=/usr/bin/moc-qt4
ac_cv_path_PROTOC=/usr/bin/protoc
ac_cv_path_RCC=/usr/bin/rcc
ac_cv_path_SED=/bin/sed
ac_cv_path_UIC=/usr/bin/uic-qt4
ac_cv_path_ac_pt_AR=/usr/bin/ar
ac_cv_path_ac_pt_GCOV=/usr/bin/gcov
ac_cv_path_ac_pt_PKG_CONFIG=/usr/bin/pkg-config
ac_cv_path_ac_pt_RANLIB=/usr/bin/ranlib
ac_cv_path_ac_pt_STRIP=/usr/bin/strip
ac_cv_path_install='/usr/bin/install -c'
ac_cv_path_mkdir=/bin/mkdir
ac_cv_prog_AWK=mawk
ac_cv_prog_CPP='gcc -E'
ac_cv_prog_CXXCPP='g++ -E'
ac_cv_prog_ac_ct_CC=gcc
ac_cv_prog_ac_ct_CXX=g++
ac_cv_prog_ac_ct_OBJC=gcc
ac_cv_prog_ac_ct_OBJCXX=g++
ac_cv_prog_cc_c89=
ac_cv_prog_cc_g=yes
ac_cv_prog_cxx_g=yes
ac_cv_prog_make_make_set=yes
ac_cv_prog_objc_g=no
ac_cv_prog_objcxx_g=no
ac_cv_sys_file_offset_bits=no
ac_cv_sys_largefile_CC=no
am_cv_CC_dependencies_compiler_type=gcc3
am_cv_CXX_dependencies_compiler_type=gcc3
am_cv_OBJC_dependencies_compiler_type=gcc3
am_cv_make_support_nested_variables=yes
ax_cv_PTHREAD_PRIO_INHERIT=no
ax_cv_boost_chrono=yes
ax_cv_boost_filesystem=yes
ax_cv_boost_program_options=yes
ax_cv_boost_system=yes
ax_cv_boost_thread=yes
ax_cv_boost_unit_test_framework=yes
ax_cv_check_cxxcppflags___D_FORTIFY_SOURCE_2=yes
ax_cv_check_cxxcppflags___U_FORTIFY_SOURCE=yes
ax_cv_check_cxxflags___Wstack_protector=yes
ax_cv_check_cxxflags___fPIE=yes
ax_cv_check_cxxflags___fstack_protector_all=yes
ax_cv_check_ldflags___Wl___dynamicbase=no
ax_cv_check_ldflags___Wl___large_address_aware=no
ax_cv_check_ldflags___Wl___nxcompat=no
ax_cv_check_ldflags___Wl__z_now=yes
ax_cv_check_ldflags___Wl__z_relro=yes
ax_cv_check_ldflags___pie=yes
pkg_cv_CRYPTO_CFLAGS=' '
pkg_cv_CRYPTO_LIBS='-lcrypto  '
pkg_cv_PROTOBUF_CFLAGS='-pthread  '
pkg_cv_PROTOBUF_LIBS='-pthread -lprotobuf -lz -lpthread  '
pkg_cv_QR_CFLAGS=' '
pkg_cv_QR_LIBS='-lqrencode  '
pkg_cv_QT_CFLAGS='-DQT_SHARED -I/usr/include/qt4 -I/usr/include/qt4/QtCore -I/usr/include/qt4/QtGui -I/usr/include/qt4/QtNetwork  '
pkg_cv_QT_DBUS_CFLAGS='-DQT_SHARED -I/usr/include/qt4 -I/usr/include/qt4/QtDBus -I/usr/include/qt4/QtCore -I/usr/include/qt4/QtXml  '
pkg_cv_QT_DBUS_LIBS='-lQtDBus -lQtXml -lQtCore  '
pkg_cv_QT_LIBS='-lQtGui -lQtNetwork -lQtCore  '
pkg_cv_QT_TEST_CFLAGS='-DQT_SHARED -I/usr/include/qt4 -I/usr/include/qt4/QtTest  '
pkg_cv_QT_TEST_LIBS='-lQtTest  '
pkg_cv_SSL_CFLAGS=' '
pkg_cv_SSL_LIBS='-lssl -lcrypto  '

## ----------------- ##
## Output variables. ##
## ----------------- ##

ACLOCAL='${SHELL} /root/vikingcoin/src/build-aux/missing --run aclocal-1.11'
AMDEPBACKSLASH='\'
AMDEP_FALSE='#'
AMDEP_TRUE=''
AMTAR='$${TAR-tar}'
AM_BACKSLASH='\'
AM_DEFAULT_V='$(AM_DEFAULT_VERBOSITY)'
AM_DEFAULT_VERBOSITY='0'
AM_V='$(V)'
AR='/usr/bin/ar'
AUTOCONF='${SHELL} /root/vikingcoin/src/build-aux/missing --run autoconf'
AUTOHEADER='${SHELL} /root/vikingcoin/src/build-aux/missing --run autoheader'
AUTOMAKE='${SHELL} /root/vikingcoin/src/build-aux/missing --run automake-1.11'
AWK='mawk'
BDB_CPPFLAGS=''
BDB_LIBS='-ldb_cxx-4.8'
BOOST_CHRONO_LIB='-lboost_chrono-mt '
BOOST_CPPFLAGS='-pthread -I/usr/include'
BOOST_FILESYSTEM_LIB='-lboost_filesystem'
BOOST_LDFLAGS='-L/usr/lib'
BOOST_LIBS='-L/usr/lib -lboost_system -lboost_filesystem -lboost_program_options-mt -lboost_thread'
BOOST_PROGRAM_OPTIONS_LIB='-lboost_program_options-mt'
BOOST_SYSTEM_LIB='-lboost_system'
BOOST_THREAD_LIB='-lboost_thread'
BOOST_UNIT_TEST_FRAMEWORK_LIB='-lboost_unit_test_framework-mt'
BREW=''
BUILD_DARWIN_FALSE=''
BUILD_DARWIN_TRUE='#'
BUILD_QT='qt'
BUILD_TEST='test'
BUILD_TEST_QT='test'
BUILD_VIKINGCOIND_FALSE='#'
BUILD_VIKINGCOIND_TRUE=''
BUILD_VIKINGCOIN_CLI_FALSE='#'
BUILD_VIKINGCOIN_CLI_TRUE=''
CC='gcc'
CCACHE=''
CCDEPMODE='depmode=gcc3'
CFLAGS='-g -O2'
CLIENT_VERSION_BUILD='1'
CLIENT_VERSION_IS_RELEASE='true'
CLIENT_VERSION_MAJOR='0'
CLIENT_VERSION_MINOR='9'
CLIENT_VERSION_REVISION='2'
COMPARISON_TOOL_REORG_TESTS='0'
COPYRIGHT_YEAR='2014'
CPP='gcc -E'
CPPFLAGS=' -DBOOST_SPIRIT_THREADSAFE -DHAVE_BUILD_INFO -D__STDC_FORMAT_MACROS  -U_FORTIFY_SOURCE -D_FORTIFY_SOURCE=2'
CRYPTO_CFLAGS=' '
CRYPTO_LIBS='-lcrypto  '
CXX='g++'
CXXCPP='g++ -E'
CXXDEPMODE='depmode=gcc3'
CXXFLAGS='-g -O2 -Wall -Wextra -Wformat -Wformat-security -Wno-unused-parameter  -Wstack-protector -fstack-protector-all -fPIE'
CYGPATH_W='echo'
DEFS='-DHAVE_CONFIG_H'
DEPDIR='.deps'
ECHO_C=''
ECHO_N='-n'
ECHO_T=''
EGREP='/bin/grep -E'
EMBEDDED_LEVELDB_FALSE='#'
EMBEDDED_LEVELDB_TRUE=''
ENABLE_WALLET_FALSE='#'
ENABLE_WALLET_TRUE=''
EXEEXT=''
GCOV='/usr/bin/gcov'
GENHTML=''
GENISOIMAGE=''
GIT='/usr/bin/git'
GLIBC_BACK_COMPAT_FALSE=''
GLIBC_BACK_COMPAT_TRUE='#'
GREP='/bin/grep'
HEXDUMP='/usr/bin/hexdump'
INCLUDES=' -pthread    '
INSTALLNAMETOOL=''
INSTALL_DATA='${INSTALL} -m 644'
INSTALL_PROGRAM='${INSTALL}'
INSTALL_SCRIPT='${INSTALL}'
INSTALL_STRIP_PROGRAM='$(install_sh) -c -s'
JAVA=''
JAVA_COMPARISON_TOOL=''
LCOV=''
LDFLAGS='  -Wl,-z,relro -Wl,-z,now -pie'
LEVELDB_CPPFLAGS=''
LEVELDB_TARGET_FLAGS=''
LIBLEVELDB=''
LIBMEMENV=''
LIBOBJS=''
LIBS='-lminiupnpc -lminiupnpc -lminiupnpc -lminiupnpc  -lssl -lcrypto   -lcrypto  '
LN_S='ln -s'
LRELEASE='/usr/bin/lrelease-qt4'
LTLIBOBJS=''
LUPDATE='/usr/bin/lupdate-qt4'
MAINT=''
MAINTAINER_MODE_FALSE='#'
MAINTAINER_MODE_TRUE=''
MAKEINFO='${SHELL} /root/vikingcoin/src/build-aux/missing --run makeinfo'
MAKENSIS=''
MKDIR_P='/bin/mkdir -p'
MOC='/usr/bin/moc-qt4'
MOC_DEFS='-DHAVE_CONFIG_H -I$(top_srcdir)/src'
OBJC='gcc'
OBJCDEPMODE='depmode=gcc3'
OBJCFLAGS=''
OBJCXX='g++'
OBJCXXFLAGS='-g -O2 -Wall -Wextra -Wformat -Wformat-security -Wno-unused-parameter  -Wstack-protector -fstack-protector-all -fPIE'
OBJEXT='o'
OTOOL=''
PACKAGE='vikingcoin'
PACKAGE_BUGREPORT='info@bitcoin.org'
PACKAGE_NAME='Vikingcoin Core'
PACKAGE_STRING='Vikingcoin Core 0.9.2'
PACKAGE_TARNAME='vikingcoin'
PACKAGE_URL=''
PACKAGE_VERSION='0.9.2'
PATH_SEPARATOR=':'
PKG_CONFIG='/usr/bin/pkg-config'
PKG_CONFIG_LIBDIR=''
PKG_CONFIG_PATH=''
PORT=''
PROTOBUF_CFLAGS='-pthread  '
PROTOBUF_LIBS='-pthread -lprotobuf -lz -lpthread  '
PROTOC='/usr/bin/protoc'
PTHREAD_CC='gcc'
PTHREAD_CFLAGS='-pthread'
PTHREAD_LIBS=''
QR_CFLAGS=' '
QR_LIBS='-lqrencode  '
QT_CFLAGS='-DQT_SHARED -I/usr/include/qt4 -I/usr/include/qt4/QtCore -I/usr/include/qt4/QtGui -I/usr/include/qt4/QtNetwork  '
QT_DBUS_CFLAGS='-DQT_SHARED -I/usr/include/qt4 -I/usr/include/qt4/QtDBus -I/usr/include/qt4/QtCore -I/usr/include/qt4/QtXml  '
QT_DBUS_INCLUDES='-DQT_SHARED -I/usr/include/qt4 -I/usr/include/qt4/QtDBus -I/usr/include/qt4/QtCore -I/usr/include/qt4/QtXml  '
QT_DBUS_LIBS='-lQtDBus -lQtXml -lQtCore  '
QT_INCLUDES='-DQT_SHARED -I/usr/include/qt4 -I/usr/include/qt4/QtCore -I/usr/include/qt4/QtGui -I/usr/include/qt4/QtNetwork  '
QT_LDFLAGS=''
QT_LIBS='-lQtGui -lQtNetwork -lQtCore  '
QT_SELECT='qt4'
QT_TEST_CFLAGS='-DQT_SHARED -I/usr/include/qt4 -I/usr/include/qt4/QtTest  '
QT_TEST_INCLUDES='-DQT_SHARED -I/usr/include/qt4 -I/usr/include/qt4/QtTest  '
QT_TEST_LIBS='-lQtTest  '
RANLIB='/usr/bin/ranlib'
RCC='/usr/bin/rcc'
SED='/bin/sed'
SET_MAKE=''
SHELL='/bin/bash'
SSL_CFLAGS=' '
SSL_LIBS='-lssl -lcrypto  '
STRIP='/usr/bin/strip'
TARGET_DARWIN_FALSE=''
TARGET_DARWIN_TRUE='#'
TARGET_WINDOWS_FALSE=''
TARGET_WINDOWS_TRUE='#'
TESTDEFS=' -DBOOST_TEST_DYN_LINK'
UIC='/usr/bin/uic-qt4'
USE_COMPARISON_TOOL_FALSE=''
USE_COMPARISON_TOOL_REORG_TESTS_FALSE='#'
USE_COMPARISON_TOOL_REORG_TESTS_TRUE=''
USE_COMPARISON_TOOL_TRUE='#'
USE_LCOV_FALSE=''
USE_LCOV_TRUE='#'
USE_QRCODE=''
USE_QRCODE_FALSE='#'
USE_QRCODE_TRUE=''
USE_UPNP=''
VERSION='0.9.2'
WINDOWS_BITS=''
WINDRES=''
XGETTEXT=''
ac_ct_CC='gcc'
ac_ct_CXX='g++'
ac_ct_OBJC='gcc'
ac_ct_OBJCXX='g++'
am__EXEEXT_FALSE=''
am__EXEEXT_TRUE='#'
am__fastdepCC_FALSE='#'
am__fastdepCC_TRUE=''
am__fastdepCXX_FALSE='#'
am__fastdepCXX_TRUE=''
am__fastdepOBJC_FALSE='#'
am__fastdepOBJC_TRUE=''
am__include='include'
am__isrc=''
am__leading_dot='.'
am__nodep='_no'
am__quote=''
am__tar='$${TAR-tar} chof - "$$tardir"'
am__untar='$${TAR-tar} xf -'
ax_pthread_config=''
bindir='${exec_prefix}/bin'
build='x86_64-unknown-linux-gnu'
build_alias=''
build_cpu='x86_64'
build_os='linux-gnu'
build_vendor='unknown'
datadir='${datarootdir}'
datarootdir='${prefix}/share'
docdir='${datarootdir}/doc/${PACKAGE_TARNAME}'
dvidir='${docdir}'
exec_prefix='${prefix}'
host='x86_64-unknown-linux-gnu'
host_alias=''
host_cpu='x86_64'
host_os='linux-gnu'
host_vendor='unknown'
htmldir='${docdir}'
includedir='${prefix}/include'
infodir='${datarootdir}/info'
install_sh='${SHELL} /root/vikingcoin/src/build-aux/install-sh'
libdir='${exec_prefix}/lib'
libexecdir='${exec_prefix}/libexec'
localedir='${datarootdir}/locale'
localstatedir='${prefix}/var'
mandir='${datarootdir}/man'
mkdir_p='/bin/mkdir -p'
oldincludedir='/usr/include'
pdfdir='${docdir}'
prefix='/usr/local'
program_transform_name='s,x,x,'
psdir='${docdir}'
sbindir='${exec_prefix}/sbin'
sharedstatedir='${prefix}/com'
sysconfdir='${prefix}/etc'
target_alias=''

## ----------- ##
## confdefs.h. ##
## ----------- ##

/* confdefs.h */
#define PACKAGE_NAME "Vikingcoin Core"
#define PACKAGE_TARNAME "vikingcoin"
#define PACKAGE_VERSION "0.9.2"
#define PACKAGE_STRING "Vikingcoin Core 0.9.2"
#define PACKAGE_BUGREPORT "info@bitcoin.org"
#define PACKAGE_URL ""
#define STDC_HEADERS 1
#define HAVE_SYS_TYPES_H 1
#define HAVE_SYS_STAT_H 1
#define HAVE_STDLIB_H 1
#define HAVE_STRING_H 1
#define HAVE_MEMORY_H 1
#define HAVE_STRINGS_H 1
#define HAVE_INTTYPES_H 1
#define HAVE_STDINT_H 1
#define HAVE_UNISTD_H 1
#define HAVE_PTHREAD 1
#define HAVE_DECL_STRERROR_R 1
#define HAVE_STRERROR_R 1
#define STRERROR_R_CHAR_P 1
#define HAVE_STDIO_H 1
#define HAVE_STDLIB_H 1
#define HAVE_UNISTD_H 1
#define HAVE_STRINGS_H 1
#define HAVE_SYS_TYPES_H 1
#define HAVE_SYS_STAT_H 1
#define HAVE_MSG_NOSIGNAL 1
#define HAVE_MINIUPNPC_MINIWGET_H 1
#define HAVE_LIBMINIUPNPC 1
#define HAVE_MINIUPNPC_MINIUPNPC_H 1
#define HAVE_LIBMINIUPNPC 1
#define HAVE_MINIUPNPC_UPNPCOMMANDS_H 1
#define HAVE_LIBMINIUPNPC 1
#define HAVE_MINIUPNPC_UPNPERRORS_H 1
#define HAVE_LIBMINIUPNPC 1
#define HAVE_BOOST /**/
#define HAVE_BOOST_SYSTEM /**/
#define HAVE_BOOST_FILESYSTEM /**/
#define HAVE_BOOST_PROGRAM_OPTIONS /**/
#define HAVE_BOOST_THREAD /**/
#define HAVE_BOOST_CHRONO /**/
#define HAVE_BOOST_UNIT_TEST_FRAMEWORK /**/
#define HAVE_WORKING_BOOST_SLEEP 1
#define ENABLE_WALLET 1
#define USE_UPNP 0
#define USE_DBUS 1
#define USE_QRCODE 1
#define CLIENT_VERSION_MAJOR 0
#define CLIENT_VERSION_MINOR 9
#define CLIENT_VERSION_REVISION 2
#define CLIENT_VERSION_BUILD 1
#define CLIENT_VERSION_IS_RELEASE true
#define COPYRIGHT_YEAR 2014

configure: exit 0

## ---------------------- ##
## Running config.status. ##
## ---------------------- ##

This file was extended by Vikingcoin Core config.status 0.9.2, which was
generated by GNU Autoconf 2.69.  Invocation command line was

  CONFIG_FILES    = 
  CONFIG_HEADERS  = 
  CONFIG_LINKS    = 
  CONFIG_COMMANDS = 
  $ ./config.status 

on eloi-btc

config.status:1029: creating Makefile
config.status:1029: creating src/Makefile
config.status:1029: creating src/test/Makefile
config.status:1029: creating src/qt/Makefile
config.status:1029: creating src/qt/test/Makefile
config.status:1029: creating share/setup.nsi
config.status:1029: creating share/qt/Info.plist
config.status:1029: creating qa/pull-tester/run-vikingcoind-for-test.sh
config.status:1029: creating qa/pull-tester/build-tests.sh
config.status:1029: creating src/vikingcoin-config.h
config.status:1210: src/vikingcoin-config.h is unchanged
config.status:1258: executing depfiles commands

## ---------------------- ##
## Running config.status. ##
## ---------------------- ##

This file was extended by Vikingcoin Core config.status 0.9.2, which was
generated by GNU Autoconf 2.69.  Invocation command line was

  CONFIG_FILES    = 
  CONFIG_HEADERS  = 
  CONFIG_LINKS    = 
  CONFIG_COMMANDS = 
  $ ./config.status src/vikingcoin-config.h

on eloi-btc

config.status:1029: creating src/vikingcoin-config.h
config.status:1210: src/vikingcoin-config.h is unchanged
